;  LST file generated by mikroListExporter - v.2.0 
; Date/Time: 7/4/2017 8:58:58 PM
;----------------------------------------------

;Address Opcode 	ASM
0x0000	0xF000EFBE  	GOTO        380
0x0004	0x0000      	NOP
0x0006	0x0000      	NOP
0x0008	0xF000EF00  	GOTO        0
0x000C	0x0000      	NOP
0x000E	0x0000      	NOP
0x0010	0x0000      	NOP
0x0012	0x0000      	NOP
0x0014	0x0000      	NOP
0x0016	0x0000      	NOP
0x0018	0xD7F3      	BRA         0
_Delay_22us:
;__Lib_Delays.c,15 :: 		void Delay_22us() {
;__Lib_Delays.c,16 :: 		Delay_us(22);
0x001C	0x0E0E      	MOVLW       14
0x001E	0x6E0D      	MOVWF       R13, 0
L_Delay_22us1:
0x0020	0x2E0D      	DECFSZ      R13, 1, 0
0x0022	0xD7FE      	BRA         L_Delay_22us1
0x0024	0x0000      	NOP
;__Lib_Delays.c,17 :: 		}
L_end_Delay_22us:
0x0026	0x0012      	RETURN      0
; end of _Delay_22us
_Mul_16X16_U:
;__Lib_Math.c,440 :: 		
;__Lib_Math.c,447 :: 		
0x0028	0x6A0B      	CLRF        R11, 0
;__Lib_Math.c,448 :: 		
0x002A	0x6A0A      	CLRF        R10, 0
;__Lib_Math.c,449 :: 		
0x002C	0x6A09      	CLRF        R9, 0
;__Lib_Math.c,450 :: 		
0x002E	0x5000      	MOVF        R0, 0, 0
;__Lib_Math.c,451 :: 		
0x0030	0x0204      	MULWF       R4, 0
;__Lib_Math.c,453 :: 		
0x0032	0xF009CFF4  	MOVFF       PRODH, R9
;__Lib_Math.c,454 :: 		
0x0036	0xF008CFF3  	MOVFF       PRODL, R8
;__Lib_Math.c,455 :: 		
0x003A	0x5001      	MOVF        R1, 0, 0
;__Lib_Math.c,456 :: 		
0x003C	0x0205      	MULWF       R5, 0
;__Lib_Math.c,458 :: 		
0x003E	0xF00BCFF4  	MOVFF       PRODH, R11
;__Lib_Math.c,459 :: 		
0x0042	0xF00ACFF3  	MOVFF       PRODL, R10
;__Lib_Math.c,460 :: 		
0x0046	0x5000      	MOVF        R0, 0, 0
;__Lib_Math.c,461 :: 		
0x0048	0x0205      	MULWF       R5, 0
;__Lib_Math.c,463 :: 		
0x004A	0x50F3      	MOVF        PRODL, 0, 0
;__Lib_Math.c,464 :: 		
0x004C	0x2609      	ADDWF       R9, 1, 0
;__Lib_Math.c,465 :: 		
0x004E	0x50F4      	MOVF        PRODH, 0, 0
;__Lib_Math.c,466 :: 		
0x0050	0x220A      	ADDWFC      R10, 1, 0
;__Lib_Math.c,467 :: 		
0x0052	0x6AE8      	CLRF        WREG, 0
;__Lib_Math.c,468 :: 		
0x0054	0x220B      	ADDWFC      R11, 1, 0
;__Lib_Math.c,469 :: 		
0x0056	0x5001      	MOVF        R1, 0, 0
;__Lib_Math.c,470 :: 		
0x0058	0x0204      	MULWF       R4, 0
;__Lib_Math.c,472 :: 		
0x005A	0x50F3      	MOVF        PRODL, 0, 0
;__Lib_Math.c,473 :: 		
0x005C	0x2609      	ADDWF       R9, 1, 0
;__Lib_Math.c,474 :: 		
0x005E	0x50F4      	MOVF        PRODH, 0, 0
;__Lib_Math.c,475 :: 		
0x0060	0x220A      	ADDWFC      R10, 1, 0
;__Lib_Math.c,476 :: 		
0x0062	0x6AE8      	CLRF        WREG, 0
;__Lib_Math.c,477 :: 		
0x0064	0x220B      	ADDWFC      R11, 1, 0
;__Lib_Math.c,479 :: 		
0x0066	0xF000C008  	MOVFF       R8, R0
;__Lib_Math.c,480 :: 		
0x006A	0xF001C009  	MOVFF       R9, R1
;__Lib_Math.c,481 :: 		
0x006E	0xF002C00A  	MOVFF       R10, R2
;__Lib_Math.c,482 :: 		
0x0072	0xF003C00B  	MOVFF       R11, R3
;__Lib_Math.c,485 :: 		
L_end_Mul_16X16_U:
0x0076	0x0012      	RETURN      0
; end of _Mul_16X16_U
_PWM1_Start:
;__Lib_PWM_c21.c,54 :: 		
;__Lib_PWM_c21.c,55 :: 		
0x0078	0x9494      	BCF         TRISC2_bit, BitPos(TRISC2_bit+0) 
;__Lib_PWM_c21.c,56 :: 		
0x007A	0x84CA      	BSF         T2CON, 2 
;__Lib_PWM_c21.c,57 :: 		
0x007C	0x0E0C      	MOVLW       12
0x007E	0x12BD      	IORWF       CCP1CON, 1 
;__Lib_PWM_c21.c,58 :: 		
L_end_PWM1_Start:
0x0080	0x0012      	RETURN      0
; end of _PWM1_Start
_PWM1_Set_Duty:
;__Lib_PWM_c21.c,43 :: 		
;__Lib_PWM_c21.c,47 :: 		
0x0082	0x50CB      	MOVF        PR2, 0 
0x0084	0x0F01      	ADDLW       1
0x0086	0x6E00      	MOVWF       R0 
0x0088	0x6A01      	CLRF        R1 
0x008A	0x0E00      	MOVLW       0
0x008C	0x2201      	ADDWFC      R1, 1 
0x008E	0xF004C023  	MOVFF       FARG_PWM1_Set_Duty_new_duty, R4
0x0092	0x0E00      	MOVLW       0
0x0094	0x6E05      	MOVWF       R5 
0x0096	0xDFC8      	RCALL       _Mul_16X16_U
0x0098	0x0E06      	MOVLW       6
0x009A	0x6E02      	MOVWF       R2 
0x009C	0xF004C000  	MOVFF       R0, R4
0x00A0	0xF005C001  	MOVFF       R1, R5
0x00A4	0x5002      	MOVF        R2, 0 
L__PWM1_Set_Duty10:
0x00A6	0xE005      	BZ          L__PWM1_Set_Duty11
0x00A8	0x3205      	RRCF        R5, 1 
0x00AA	0x3204      	RRCF        R4, 1 
0x00AC	0x9E05      	BCF         R5, 7 
0x00AE	0x0FFF      	ADDLW       255
0x00B0	0xD7FA      	BRA         L__PWM1_Set_Duty10
L__PWM1_Set_Duty11:
;__Lib_PWM_c21.c,48 :: 		
0x00B2	0x0E04      	MOVLW       4
0x00B4	0x6E01      	MOVWF       R1 
0x00B6	0xF000C004  	MOVFF       R4, R0
0x00BA	0x5001      	MOVF        R1, 0 
L__PWM1_Set_Duty12:
0x00BC	0xE004      	BZ          L__PWM1_Set_Duty13
0x00BE	0x3600      	RLCF        R0, 1 
0x00C0	0x9000      	BCF         R0, 0 
0x00C2	0x0FFF      	ADDLW       255
0x00C4	0xD7FB      	BRA         L__PWM1_Set_Duty12
L__PWM1_Set_Duty13:
0x00C6	0x0E30      	MOVLW       48
0x00C8	0x1400      	ANDWF       R0, 0 
0x00CA	0x6E03      	MOVWF       R3 
;__Lib_PWM_c21.c,49 :: 		
0x00CC	0xF000C004  	MOVFF       R4, R0
0x00D0	0xF001C005  	MOVFF       R5, R1
0x00D4	0x3201      	RRCF        R1, 1 
0x00D6	0x3200      	RRCF        R0, 1 
0x00D8	0x9E01      	BCF         R1, 7 
0x00DA	0x3201      	RRCF        R1, 1 
0x00DC	0x3200      	RRCF        R0, 1 
0x00DE	0x9E01      	BCF         R1, 7 
0x00E0	0xFFBEC000  	MOVFF       R0, CCPR1L
;__Lib_PWM_c21.c,50 :: 		
0x00E4	0x0E0F      	MOVLW       15
0x00E6	0x16BD      	ANDWF       CCP1CON, 1 
;__Lib_PWM_c21.c,51 :: 		
0x00E8	0x5003      	MOVF        R3, 0 
0x00EA	0x12BD      	IORWF       CCP1CON, 1 
;__Lib_PWM_c21.c,52 :: 		
L_end_PWM1_Set_Duty:
0x00EC	0x0012      	RETURN      0
; end of _PWM1_Set_Duty
_Div_16X16_U:
;__Lib_Math.c,102 :: 		
;__Lib_Math.c,109 :: 		
0x00EE	0x6A08      	CLRF        R8, 0
;__Lib_Math.c,110 :: 		
0x00F0	0x6A09      	CLRF        R9, 0
;__Lib_Math.c,111 :: 		
0x00F2	0x0E10      	MOVLW       16
;__Lib_Math.c,112 :: 		
0x00F4	0x6E0C      	MOVWF       R12, 0
;__Lib_Math.c,113 :: 		
0x00F6	0x3401      	RLCF        R1, 0, 0
;__Lib_Math.c,114 :: 		
0x00F8	0x3608      	RLCF        R8, 1, 0
;__Lib_Math.c,115 :: 		
0x00FA	0x3609      	RLCF        R9, 1, 0
;__Lib_Math.c,116 :: 		
0x00FC	0x5004      	MOVF        R4, 0, 0
;__Lib_Math.c,117 :: 		
0x00FE	0x5E08      	SUBWF       R8, 1, 0
;__Lib_Math.c,118 :: 		
0x0100	0x5005      	MOVF        R5, 0, 0
;__Lib_Math.c,119 :: 		
0x0102	0xA0D8      	BTFSS       STATUS, 0, 0
;__Lib_Math.c,120 :: 		
0x0104	0x3C05      	INCFSZ      R5, 0, 0
;__Lib_Math.c,121 :: 		
0x0106	0x5E09      	SUBWF       R9, 1, 0
;__Lib_Math.c,122 :: 		
0x0108	0xB0D8      	BTFSC       STATUS, 0, 0
;__Lib_Math.c,123 :: 		
0x010A	0xD007      	BRA         $+16
;__Lib_Math.c,124 :: 		
0x010C	0x5004      	MOVF        R4, 0, 0
;__Lib_Math.c,125 :: 		
0x010E	0x2608      	ADDWF       R8, 1, 0
;__Lib_Math.c,126 :: 		
0x0110	0x5005      	MOVF        R5, 0, 0
;__Lib_Math.c,127 :: 		
0x0112	0xB0D8      	BTFSC       STATUS, 0, 0
;__Lib_Math.c,128 :: 		
0x0114	0x3C05      	INCFSZ      R5, 0, 0
;__Lib_Math.c,129 :: 		
0x0116	0x2609      	ADDWF       R9, 1, 0
;__Lib_Math.c,130 :: 		
0x0118	0x90D8      	BCF         STATUS, 0, 0
;__Lib_Math.c,131 :: 		
0x011A	0x3600      	RLCF        R0, 1, 0
;__Lib_Math.c,132 :: 		
0x011C	0x3601      	RLCF        R1, 1, 0
;__Lib_Math.c,133 :: 		
0x011E	0x2E0C      	DECFSZ      R12, 1, 0
;__Lib_Math.c,134 :: 		
0x0120	0xD7EA      	BRA         $-42
;__Lib_Math.c,136 :: 		
L_end_Div_16X16_U:
0x0122	0x0012      	RETURN      0
; end of _Div_16X16_U
___CC2DW:
;__Lib_System.c,21 :: 		
;__Lib_System.c,23 :: 		
_CC2DL_Loop1:
;__Lib_System.c,24 :: 		
0x0124	0x0009      	TBLRD*+
;__Lib_System.c,25 :: 		
0x0126	0xFFE6CFF5  	MOVFF       TABLAT, POSTINC1
;__Lib_System.c,26 :: 		
0x012A	0x0600      	DECF        R0, 1, 0
;__Lib_System.c,27 :: 		
0x012C	0xE1FB      	BNZ         _CC2DL_Loop1
;__Lib_System.c,28 :: 		
0x012E	0x0601      	DECF        R1, 1, 0
;__Lib_System.c,29 :: 		
0x0130	0xE1F9      	BNZ         _CC2DL_Loop1
;__Lib_System.c,31 :: 		
L_end___CC2DW:
0x0132	0x0012      	RETURN      0
; end of ___CC2DW
_ADC_Read:
;__Lib_ADC_A_D.c,35 :: 		
;__Lib_ADC_A_D.c,38 :: 		
0x0134	0x6AC2      	CLRF        ADCON0 
;__Lib_ADC_A_D.c,39 :: 		
0x0136	0x0E07      	MOVLW       7
0x0138	0x12C0      	IORWF       ADCON2, 1 
;__Lib_ADC_A_D.c,40 :: 		
0x013A	0x8EC0      	BSF         ADCON2, 7 
;__Lib_ADC_A_D.c,41 :: 		
0x013C	0xF000C023  	MOVFF       FARG_ADC_Read_channel, R0
0x0140	0x3600      	RLCF        R0, 1 
0x0142	0x9000      	BCF         R0, 0 
0x0144	0x3600      	RLCF        R0, 1 
0x0146	0x9000      	BCF         R0, 0 
0x0148	0x5000      	MOVF        R0, 0 
0x014A	0x12C2      	IORWF       ADCON0, 1 
;__Lib_ADC_A_D.c,42 :: 		
0x014C	0x80C2      	BSF         ADCON0, 0 
;__Lib_ADC_A_D.c,43 :: 		
0x014E	0xDF66      	RCALL       _Delay_22us
;__Lib_ADC_A_D.c,44 :: 		
0x0150	0x82C2      	BSF         ADCON0, 1 
;__Lib_ADC_A_D.c,45 :: 		
L_ADC_Read2:
0x0152	0xA2C2      	BTFSS       ADCON0, 1 
0x0154	0xD001      	BRA         L_ADC_Read3
;__Lib_ADC_A_D.c,46 :: 		
0x0156	0xD7FD      	BRA         L_ADC_Read2
L_ADC_Read3:
;__Lib_ADC_A_D.c,47 :: 		
0x0158	0xF001CFC4  	MOVFF       ADRESH, R1
0x015C	0x6A00      	CLRF        R0 
;__Lib_ADC_A_D.c,48 :: 		
0x015E	0x50C3      	MOVF        ADRESL, 0 
0x0160	0x1200      	IORWF       R0, 1 
0x0162	0x0E00      	MOVLW       0
0x0164	0x1201      	IORWF       R1, 1 
;__Lib_ADC_A_D.c,49 :: 		
0x0166	0x90C2      	BCF         ADCON0, 0 
;__Lib_ADC_A_D.c,51 :: 		
;__Lib_ADC_A_D.c,52 :: 		
L_end_ADC_Read:
0x0168	0x0012      	RETURN      0
; end of _ADC_Read
_PWM1_Stop:
;__Lib_PWM_c21.c,60 :: 		
;__Lib_PWM_c21.c,61 :: 		
0x016A	0x8494      	BSF         TRISC2_bit, BitPos(TRISC2_bit+0) 
;__Lib_PWM_c21.c,62 :: 		
0x016C	0x94CA      	BCF         T2CON, 2 
;__Lib_PWM_c21.c,63 :: 		
0x016E	0x0EF0      	MOVLW       240
0x0170	0x16BD      	ANDWF       CCP1CON, 1 
;__Lib_PWM_c21.c,64 :: 		
L_end_PWM1_Stop:
0x0172	0x0012      	RETURN      0
; end of _PWM1_Stop
_PWM1_Init:
;__Lib_PWM_c21.c,36 :: 		
;__Lib_PWM_c21.c,37 :: 		
;__Lib_PWM_c21.c,38 :: 		
0x0174	0x6ABE      	CLRF        CCPR1L 
;__Lib_PWM_c21.c,39 :: 		
0x0176	0x98BD      	BCF         CCP1CON, 4 
;__Lib_PWM_c21.c,40 :: 		
0x0178	0x9ABD      	BCF         CCP1CON, 5 
;__Lib_PWM_c21.c,41 :: 		
L_end_PWM1_Init:
0x017A	0x0012      	RETURN      0
; end of _PWM1_Init
_main:
0x017C	0x0E3F      	MOVLW       63
0x017E	0x6E15      	MOVWF       _ucMask 
0x0180	0x0E06      	MOVLW       6
0x0182	0x6E16      	MOVWF       22 
0x0184	0x0E5B      	MOVLW       91
0x0186	0x6E17      	MOVWF       23 
0x0188	0x0E4F      	MOVLW       79
0x018A	0x6E18      	MOVWF       24 
0x018C	0x0E66      	MOVLW       102
0x018E	0x6E19      	MOVWF       25 
0x0190	0x0E6D      	MOVLW       109
0x0192	0x6E1A      	MOVWF       26 
0x0194	0x0E7D      	MOVLW       125
0x0196	0x6E1B      	MOVWF       27 
0x0198	0x0E07      	MOVLW       7
0x019A	0x6E1C      	MOVWF       28 
0x019C	0x0E7F      	MOVLW       127
0x019E	0x6E1D      	MOVWF       29 
0x01A0	0x0E6F      	MOVLW       111
0x01A2	0x6E1E      	MOVWF       30 
0x01A4	0x6A1F      	CLRF        _iLeituraAD 
0x01A6	0x6A20      	CLRF        32 
;projetoFinal.c,30 :: 		void main(){
;projetoFinal.c,32 :: 		TRISD = 0;
0x01A8	0x6A95      	CLRF        TRISD 
;projetoFinal.c,34 :: 		ADCON1 = 0x0F;
0x01AA	0x0E0F      	MOVLW       15
0x01AC	0x6EC1      	MOVWF       ADCON1 
;projetoFinal.c,36 :: 		TRISA.RA4 = 0;      //Display 3
0x01AE	0x9892      	BCF         TRISA, 4 
;projetoFinal.c,37 :: 		TRISA.RA5 = 0;     // Display 4
0x01B0	0x9A92      	BCF         TRISA, 5 
;projetoFinal.c,38 :: 		TRISC.RC5 = 0;
0x01B2	0x9A94      	BCF         TRISC, 5 
;projetoFinal.c,39 :: 		PORTC.RC5 = 1;
0x01B4	0x8A82      	BSF         PORTC, 5 
;projetoFinal.c,40 :: 		while(1)
L_main0:
;projetoFinal.c,43 :: 		iLeituraAD= ADC_Read(2);
0x01B6	0x0E02      	MOVLW       2
0x01B8	0x6E23      	MOVWF       FARG_ADC_Read_channel 
0x01BA	0xDFBC      	RCALL       _ADC_Read
0x01BC	0xF01FC000  	MOVFF       R0, _iLeituraAD
0x01C0	0xF020C001  	MOVFF       R1, _iLeituraAD+1
;projetoFinal.c,44 :: 		iLeituraAD/=2;
0x01C4	0xF01FC000  	MOVFF       R0, _iLeituraAD
0x01C8	0xF020C001  	MOVFF       R1, _iLeituraAD+1
0x01CC	0x3220      	RRCF        _iLeituraAD+1, 1 
0x01CE	0x321F      	RRCF        _iLeituraAD, 1 
0x01D0	0x9E20      	BCF         _iLeituraAD+1, 7 
;projetoFinal.c,46 :: 		Delay_ms(2);
0x01D2	0x0E06      	MOVLW       6
0x01D4	0x6E0C      	MOVWF       R12, 0
0x01D6	0x0E30      	MOVLW       48
0x01D8	0x6E0D      	MOVWF       R13, 0
L_main2:
0x01DA	0x2E0D      	DECFSZ      R13, 1, 0
0x01DC	0xD7FE      	BRA         L_main2
0x01DE	0x2E0C      	DECFSZ      R12, 1, 0
0x01E0	0xD7FC      	BRA         L_main2
0x01E2	0x0000      	NOP
;projetoFinal.c,48 :: 		if(iLeituraAD >= 30)
0x01E4	0x0E00      	MOVLW       0
0x01E6	0x5C20      	SUBWF       _iLeituraAD+1, 0 
0x01E8	0xE102      	BNZ         L__main10
0x01EA	0x0E1E      	MOVLW       30
0x01EC	0x5C1F      	SUBWF       _iLeituraAD, 0 
L__main10:
0x01EE	0xE30C      	BNC         L_main3
;projetoFinal.c,50 :: 		PWM1_Init(5000);
0x01F0	0x80CA      	BSF         T2CON, 0, 0
0x01F2	0x92CA      	BCF         T2CON, 1, 0
0x01F4	0x0E63      	MOVLW       99
0x01F6	0x6ECB      	MOVWF       PR2, 0
0x01F8	0xDFBD      	RCALL       _PWM1_Init
;projetoFinal.c,51 :: 		PWM1_Set_Duty(iLeituraAD * 5);
0x01FA	0x0E05      	MOVLW       5
0x01FC	0x021F      	MULWF       _iLeituraAD 
0x01FE	0xF023CFF3  	MOVFF       PRODL, FARG_PWM1_Set_Duty_new_duty
0x0202	0xDF3F      	RCALL       _PWM1_Set_Duty
;projetoFinal.c,52 :: 		PWM1_Start();
0x0204	0xDF39      	RCALL       _PWM1_Start
;projetoFinal.c,53 :: 		}
0x0206	0xD001      	BRA         L_main4
L_main3:
;projetoFinal.c,56 :: 		PWM1_Stop();
0x0208	0xDFB0      	RCALL       _PWM1_Stop
;projetoFinal.c,57 :: 		}
L_main4:
;projetoFinal.c,59 :: 		uiValor = iLeituraAD;
0x020A	0xF021C01F  	MOVFF       _iLeituraAD, _uiValor
0x020E	0xF022C020  	MOVFF       _iLeituraAD+1, _uiValor+1
;projetoFinal.c,60 :: 		Delay_ms(2);
0x0212	0x0E06      	MOVLW       6
0x0214	0x6E0C      	MOVWF       R12, 0
0x0216	0x0E30      	MOVLW       48
0x0218	0x6E0D      	MOVWF       R13, 0
L_main5:
0x021A	0x2E0D      	DECFSZ      R13, 1, 0
0x021C	0xD7FE      	BRA         L_main5
0x021E	0x2E0C      	DECFSZ      R12, 1, 0
0x0220	0xD7FC      	BRA         L_main5
0x0222	0x0000      	NOP
;projetoFinal.c,61 :: 		PORTD = ucMask[uiValor%10];
0x0224	0x0E0A      	MOVLW       10
0x0226	0x6E04      	MOVWF       R4 
0x0228	0x0E00      	MOVLW       0
0x022A	0x6E05      	MOVWF       R5 
0x022C	0xF000C021  	MOVFF       _uiValor, R0
0x0230	0xF001C022  	MOVFF       _uiValor+1, R1
0x0234	0xDF5C      	RCALL       _Div_16X16_U
0x0236	0xF000C008  	MOVFF       R8, R0
0x023A	0xF001C009  	MOVFF       R9, R1
0x023E	0x0E15      	MOVLW       _ucMask
0x0240	0x2400      	ADDWF       R0, 0 
0x0242	0x6EE9      	MOVWF       FSR0L 
0x0244	0x0E00      	MOVLW       hi_addr(_ucMask)
0x0246	0x2001      	ADDWFC      R1, 0 
0x0248	0x6EEA      	MOVWF       FSR0H 
0x024A	0xFF83CFEE  	MOVFF       POSTINC0, PORTD
;projetoFinal.c,62 :: 		PORTA.RA5 = 1;
0x024E	0x8A80      	BSF         PORTA, 5 
;projetoFinal.c,63 :: 		Delay_ms(2);
0x0250	0x0E06      	MOVLW       6
0x0252	0x6E0C      	MOVWF       R12, 0
0x0254	0x0E30      	MOVLW       48
0x0256	0x6E0D      	MOVWF       R13, 0
L_main6:
0x0258	0x2E0D      	DECFSZ      R13, 1, 0
0x025A	0xD7FE      	BRA         L_main6
0x025C	0x2E0C      	DECFSZ      R12, 1, 0
0x025E	0xD7FC      	BRA         L_main6
0x0260	0x0000      	NOP
;projetoFinal.c,64 :: 		PORTA.RA5 = 0;
0x0262	0x9A80      	BCF         PORTA, 5 
;projetoFinal.c,65 :: 		uiValor/=10;
0x0264	0x0E0A      	MOVLW       10
0x0266	0x6E04      	MOVWF       R4 
0x0268	0x0E00      	MOVLW       0
0x026A	0x6E05      	MOVWF       R5 
0x026C	0xF000C021  	MOVFF       _uiValor, R0
0x0270	0xF001C022  	MOVFF       _uiValor+1, R1
0x0274	0xDF3C      	RCALL       _Div_16X16_U
0x0276	0xF021C000  	MOVFF       R0, _uiValor
0x027A	0xF022C001  	MOVFF       R1, _uiValor+1
;projetoFinal.c,66 :: 		PORTD = ucMask[uiValor%10];
0x027E	0x0E0A      	MOVLW       10
0x0280	0x6E04      	MOVWF       R4 
0x0282	0x0E00      	MOVLW       0
0x0284	0x6E05      	MOVWF       R5 
0x0286	0xDF33      	RCALL       _Div_16X16_U
0x0288	0xF000C008  	MOVFF       R8, R0
0x028C	0xF001C009  	MOVFF       R9, R1
0x0290	0x0E15      	MOVLW       _ucMask
0x0292	0x2400      	ADDWF       R0, 0 
0x0294	0x6EE9      	MOVWF       FSR0L 
0x0296	0x0E00      	MOVLW       hi_addr(_ucMask)
0x0298	0x2001      	ADDWFC      R1, 0 
0x029A	0x6EEA      	MOVWF       FSR0H 
0x029C	0xFF83CFEE  	MOVFF       POSTINC0, PORTD
;projetoFinal.c,67 :: 		PORTA.RA4 = 1;
0x02A0	0x8880      	BSF         PORTA, 4 
;projetoFinal.c,68 :: 		Delay_ms(2);
0x02A2	0x0E06      	MOVLW       6
0x02A4	0x6E0C      	MOVWF       R12, 0
0x02A6	0x0E30      	MOVLW       48
0x02A8	0x6E0D      	MOVWF       R13, 0
L_main7:
0x02AA	0x2E0D      	DECFSZ      R13, 1, 0
0x02AC	0xD7FE      	BRA         L_main7
0x02AE	0x2E0C      	DECFSZ      R12, 1, 0
0x02B0	0xD7FC      	BRA         L_main7
0x02B2	0x0000      	NOP
;projetoFinal.c,69 :: 		PORTA.RA4 = 0;
0x02B4	0x9880      	BCF         PORTA, 4 
;projetoFinal.c,70 :: 		Delay_ms(2);
0x02B6	0x0E06      	MOVLW       6
0x02B8	0x6E0C      	MOVWF       R12, 0
0x02BA	0x0E30      	MOVLW       48
0x02BC	0x6E0D      	MOVWF       R13, 0
L_main8:
0x02BE	0x2E0D      	DECFSZ      R13, 1, 0
0x02C0	0xD7FE      	BRA         L_main8
0x02C2	0x2E0C      	DECFSZ      R12, 1, 0
0x02C4	0xD7FC      	BRA         L_main8
0x02C6	0x0000      	NOP
;projetoFinal.c,72 :: 		}
0x02C8	0xD776      	BRA         L_main0
;projetoFinal.c,73 :: 		}
L_end_main:
0x02CA	0xD7FF      	BRA         $+0
; end of _main
Symbol List:
//** Routines locations **
//ADDRESS    SIZE    PROCEDURE
//----------------------------------------------
0x001C      [12]    _Delay_22us
0x0028      [80]    _Mul_16X16_U
0x0078      [10]    _PWM1_Start
0x0082     [108]    _PWM1_Set_Duty
0x00EE      [54]    _Div_16X16_U
0x0124      [16]    ___CC2DW
0x0134      [54]    _ADC_Read
0x016A      [10]    _PWM1_Stop
0x0174       [8]    _PWM1_Init
0x017C     [336]    _main
//** Variables locations ** 
//ADDRESS    SIZE    VARIABLE
//----------------------------------------------
0x0000       [1]    __Lib_SoftI2C_PutZerosToLATScl_temp_scl_L0
0x0000       [1]    __Lib_SoftI2C_PutZerosToLATSda_temp_sda_L0
0x0000       [1]    R0
0x0000       [1]    FLASH_Erase_64_SaveINTCON_L0
0x0000       [1]    EEPROM_Write_SaveINTCON_L0
0x0000       [1]    UART1_Init_tmp_L0
0x0000       [1]    SPI1_Write_tmp_L0
0x0001       [1]    __Lib_PS2_Wait_Falling_nsample_L0
0x0001       [1]    FLASH_Erase_Write_64_i_L0
0x0001       [1]    __Lib_TFT_16bit_JPEG_FileRead_i_L0
0x0001       [1]    __Lib_TFT_JPEG_FileReadBytes_Result_L0
0x0001       [1]    FLASH_Write_32_i_L0
0x0001       [1]    UART1_Read___tmp_UART1_Read_L0
0x0001       [2]    FLASH_Read_N_Bytes_i_L0
0x0001       [1]    I2C1_Rd_tmp_L0
0x0001       [1]    R1
0x0001       [1]    __Lib_TFT_16bit_JPEG_FileReadBytes_Result_L0
0x0001       [1]    ispunct_rslt_L0
0x0001       [1]    __Lib_TFT_JPEG_FileRead_i_L0
0x0002       [1]    FLASH_Erase_Write_64_j_L0
0x0002       [2]    strlen_cp_L0
0x0002       [1]    FLASH_Write_32_SaveINTCON_L0
0x0002       [1]    R2
0x0002       [2]    memset_pp_L0
0x0002       [2]    memchr_s_L0
0x0002       [2]    memcpy_dd_L0
0x0003       [1]    FLASH_Erase_Write_64_SaveINTCON_L0
0x0003       [1]    __Lib_Sprinti_?FLOC____Lib_Sprinti_Do_FillT29
0x0003       [2]    __Lib_MmcFat16_f16_toInt_l_L0
0x0003       [2]    memmove_tt_L0
0x0003       [2]    Ltrim_original_L0
0x0003       [2]    MM_TotalFreeMemSize_Tot_L0
0x0003       [1]    R3
0x0003       [1]    MM_Init_i_L0
0x0004       [2]    __Lib_MemManager_MM_GetMemAlign_P_L0
0x0004       [2]    memcpy_ss_L0
0x0004       [1]    __Lib_Sprinti_?FLOC____Lib_Sprinti_Do_FillT40
0x0004       [1]    R4
0x0004       [2]    strcat_cp_L0
0x0004       [2]    strncat_cp_L0
0x0004       [2]    frexp_pom_L0
0x0004       [2]    strcpy_cp_L0
0x0004       [2]    strncpy_cp_L0
0x0005       [1]    MM_TotalFreeMemSize_i_L0
0x0005       [2]    Ltrim_p_L0
0x0005       [1]    __Lib_Sprinti_?FLOC____Lib_Sprinti_Do_FillT54
0x0005       [1]    R5
0x0005       [2]    LongWordToHex_input_half_L0
0x0005       [2]    memmove_ff_L0
0x0005       [2]    LongIntToHex_input_half_L0
0x0006       [1]    __Lib_Sprinti_?FLOC____Lib_Sprinti_Do_FillT69
0x0006       [1]    R6
0x0006       [1]    __Lib_MemManager_MM_GetMemAlign_i_L0
0x0007       [1]    __Lib_TFT_16bit_JPEG_GenerateHuffmanTables_bLength_L0
0x0007       [1]    __Lib_TFT_JPEG_GenerateHuffmanTables_bLength_L0
0x0007       [1]    R7
0x0008       [1]    __Lib_TFT_16bit_JPEG_GenerateHuffmanTables_bTable_L0
0x0008       [1]    __Lib_TFT_JPEG_GenerateHuffmanTables_bTable_L0
0x0008       [1]    R8
0x0009       [4]    __Lib_MmcFat16_f16_toLong_l_L0
0x0009       [1]    R9
0x000A       [1]    R10
0x000B       [1]    R11
0x000C       [1]    R12
0x000D       [1]    R13
0x000E       [1]    R14
0x000F       [1]    R15
0x0010       [1]    R16
0x0011       [1]    R17
0x0012       [1]    R18
0x0013       [1]    R19
0x0014       [1]    R20
0x0015      [10]    _ucMask
0x001F       [2]    _iLeituraAD
0x0021       [2]    _uiValor
0x0023       [1]    FARG_ADC_Read_channel
0x0023       [4]    FARG_PWM1_Init_PWM_Freq
0x0023       [1]    FARG_PWM1_Set_Duty_new_duty
0x0F80       [1]    PORTA
0x0F82       [1]    PORTC
0x0F83       [1]    PORTD
0x0F92       [1]    TRISA
0x0F94       [0]    TRISC2_bit
0x0F94       [1]    TRISC
0x0F95       [1]    TRISD
0x0FBD       [1]    CCP1CON
0x0FBE       [1]    CCPR1L
0x0FC0       [1]    ADCON2
0x0FC1       [1]    ADCON1
0x0FC2       [1]    ADCON0
0x0FC3       [1]    ADRESL
0x0FC4       [1]    ADRESH
0x0FCA       [1]    T2CON
0x0FCB       [1]    PR2
0x0FD8       [1]    STATUS
0x0FD9       [1]    FSR2L
0x0FDA       [1]    FSR2H
0x0FDE       [1]    POSTINC2
0x0FE0       [1]    BSR
0x0FE1       [1]    FSR1L
0x0FE2       [1]    FSR1H
0x0FE4       [1]    PREINC1
0x0FE6       [1]    POSTINC1
0x0FE7       [1]    INDF1
0x0FE8       [1]    WREG
0x0FE9       [1]    FSR0L
0x0FEA       [1]    FSR0H
0x0FEE       [1]    POSTINC0
0x0FF3       [1]    PRODL
0x0FF4       [1]    PRODH
0x0FF5       [1]    TABLAT
0x0FF6       [1]    TBLPTRL
0x0FF7       [1]    TBLPTRH
0x0FF8       [1]    TBLPTRU
