;  LST file generated by mikroListExporter - v.2.0 
; Date/Time: 7/4/2017 9:26:14 PM
;----------------------------------------------

;Address Opcode 	ASM
0x0000	0xF002EFDC  	GOTO        1464
_interrupt:
;projetoFinal2.c,50 :: 		void interrupt()
0x0008	0xF016C000  	MOVFF       R0, 22
0x000C	0xF015C001  	MOVFF       R1, 21
;projetoFinal2.c,52 :: 		Lcd_Init();
0x0010	0xDA88      	RCALL       _Lcd_Init
;projetoFinal2.c,53 :: 		Lcd_Cmd(_LCD_CLEAR);
0x0012	0x0E01      	MOVLW       1
0x0014	0x6E41      	MOVWF       FARG_Lcd_Cmd_out_char 
0x0016	0xD896      	RCALL       _Lcd_Cmd
;projetoFinal2.c,54 :: 		Lcd_Cmd(_LCD_CURSOR_OFF);
0x0018	0x0E0C      	MOVLW       12
0x001A	0x6E41      	MOVWF       FARG_Lcd_Cmd_out_char 
0x001C	0xD893      	RCALL       _Lcd_Cmd
;projetoFinal2.c,56 :: 		if(INTCON.TMR0IF == 1)
0x001E	0xA4F2      	BTFSS       INTCON, 2 
0x0020	0xD079      	BRA         L_interrupt0
;projetoFinal2.c,58 :: 		TMR0H = 0xDB;
0x0022	0x0EDB      	MOVLW       219
0x0024	0x6ED7      	MOVWF       TMR0H 
;projetoFinal2.c,59 :: 		TMR0L = 0x61;
0x0026	0x0E61      	MOVLW       97
0x0028	0x6ED6      	MOVWF       TMR0L 
;projetoFinal2.c,61 :: 		ucContador++;
0x002A	0x2A17      	INCF        _ucContador, 1 
;projetoFinal2.c,63 :: 		if(ucContador == 16)
0x002C	0x5017      	MOVF        _ucContador, 0 
0x002E	0x0A10      	XORLW       16
0x0030	0xE123      	BNZ         L_interrupt1
;projetoFinal2.c,65 :: 		Delay_ms(1000);
0x0032	0x0E0B      	MOVLW       11
0x0034	0x6E0B      	MOVWF       R11, 0
0x0036	0x0E26      	MOVLW       38
0x0038	0x6E0C      	MOVWF       R12, 0
0x003A	0x0E5D      	MOVLW       93
0x003C	0x6E0D      	MOVWF       R13, 0
L_interrupt2:
0x003E	0x2E0D      	DECFSZ      R13, 1, 0
0x0040	0xD7FE      	BRA         L_interrupt2
0x0042	0x2E0C      	DECFSZ      R12, 1, 0
0x0044	0xD7FC      	BRA         L_interrupt2
0x0046	0x2E0B      	DECFSZ      R11, 1, 0
0x0048	0xD7FA      	BRA         L_interrupt2
0x004A	0x0000      	NOP
0x004C	0x0000      	NOP
;projetoFinal2.c,66 :: 		Display_LCD();
0x004E	0xDA44      	RCALL       _Display_LCD
;projetoFinal2.c,67 :: 		for(ucContador = 2; ucContador < 15; ucContador ++)
0x0050	0x0E02      	MOVLW       2
0x0052	0x6E17      	MOVWF       _ucContador 
L_interrupt3:
0x0054	0x0E0F      	MOVLW       15
0x0056	0x5C17      	SUBWF       _ucContador, 0 
0x0058	0xE20D      	BC          L_interrupt4
;projetoFinal2.c,69 :: 		Lcd_Chr(2,ucContador+1,EEPROM_Read(ucContador));
0x005A	0xF037C017  	MOVFF       _ucContador, FARG_EEPROM_Read_address
0x005E	0xD9D7      	RCALL       _EEPROM_Read
0x0060	0xF040C000  	MOVFF       R0, FARG_Lcd_Chr_out_char
0x0064	0x0E02      	MOVLW       2
0x0066	0x6E3E      	MOVWF       FARG_Lcd_Chr_row 
0x0068	0x5017      	MOVF        _ucContador, 0 
0x006A	0x0F01      	ADDLW       1
0x006C	0x6E3F      	MOVWF       FARG_Lcd_Chr_column 
0x006E	0xD8A8      	RCALL       _Lcd_Chr
;projetoFinal2.c,67 :: 		for(ucContador = 2; ucContador < 15; ucContador ++)
0x0070	0x2A17      	INCF        _ucContador, 1 
;projetoFinal2.c,70 :: 		}
0x0072	0xD7F0      	BRA         L_interrupt3
L_interrupt4:
;projetoFinal2.c,71 :: 		ucContador = 0;
0x0074	0x6A17      	CLRF        _ucContador 
;projetoFinal2.c,72 :: 		}
0x0076	0xD04D      	BRA         L_interrupt6
L_interrupt1:
;projetoFinal2.c,75 :: 		iLeituraAD = ADC_Read(2);
0x0078	0x0E02      	MOVLW       2
0x007A	0x6E37      	MOVWF       FARG_ADC_Read_channel 
0x007C	0xD992      	RCALL       _ADC_Read
0x007E	0xF02DC000  	MOVFF       R0, _iLeituraAD
0x0082	0xF02EC001  	MOVFF       R1, _iLeituraAD+1
;projetoFinal2.c,76 :: 		iLeituraAD /= 2;
0x0086	0xF02DC000  	MOVFF       R0, _iLeituraAD
0x008A	0xF02EC001  	MOVFF       R1, _iLeituraAD+1
0x008E	0x322E      	RRCF        _iLeituraAD+1, 1 
0x0090	0x322D      	RRCF        _iLeituraAD, 1 
0x0092	0x9E2E      	BCF         _iLeituraAD+1, 7 
;projetoFinal2.c,77 :: 		Lcd_Out(1,1,"Registrando");
0x0094	0x0E01      	MOVLW       1
0x0096	0x6E39      	MOVWF       FARG_Lcd_Out_row 
0x0098	0x0E01      	MOVLW       1
0x009A	0x6E3A      	MOVWF       FARG_Lcd_Out_column 
0x009C	0x0E21      	MOVLW       ?lstr1_projetoFinal2
0x009E	0x6E3B      	MOVWF       FARG_Lcd_Out_text 
0x00A0	0x0E00      	MOVLW       hi_addr(?lstr1_projetoFinal2)
0x00A2	0x6E3C      	MOVWF       FARG_Lcd_Out_text+1 
0x00A4	0xD8CD      	RCALL       _Lcd_Out
;projetoFinal2.c,78 :: 		temp = iLeituraAD;
0x00A6	0xF01FC02D  	MOVFF       _iLeituraAD, _temp
0x00AA	0xF020C02E  	MOVFF       _iLeituraAD+1, _temp+1
;projetoFinal2.c,79 :: 		EEPROM_Write(ucContador,0x30+(temp%10));
0x00AE	0xF037C017  	MOVFF       _ucContador, FARG_EEPROM_Write_address
0x00B2	0x0E0A      	MOVLW       10
0x00B4	0x6E04      	MOVWF       R4 
0x00B6	0x0E00      	MOVLW       0
0x00B8	0x6E05      	MOVWF       R5 
0x00BA	0xF000C02D  	MOVFF       _iLeituraAD, R0
0x00BE	0xF001C02E  	MOVFF       _iLeituraAD+1, R1
0x00C2	0xD9D5      	RCALL       _Div_16X16_U
0x00C4	0xF000C008  	MOVFF       R8, R0
0x00C8	0xF001C009  	MOVFF       R9, R1
0x00CC	0x5000      	MOVF        R0, 0 
0x00CE	0x0F30      	ADDLW       48
0x00D0	0x6E38      	MOVWF       FARG_EEPROM_Write_data_ 
0x00D2	0xD9E8      	RCALL       _EEPROM_Write
;projetoFinal2.c,80 :: 		temp /= 10;
0x00D4	0x0E0A      	MOVLW       10
0x00D6	0x6E04      	MOVWF       R4 
0x00D8	0x0E00      	MOVLW       0
0x00DA	0x6E05      	MOVWF       R5 
0x00DC	0xF000C01F  	MOVFF       _temp, R0
0x00E0	0xF001C020  	MOVFF       _temp+1, R1
0x00E4	0xD9C4      	RCALL       _Div_16X16_U
0x00E6	0xF01FC000  	MOVFF       R0, _temp
0x00EA	0xF020C001  	MOVFF       R1, _temp+1
;projetoFinal2.c,81 :: 		ucContador++;
0x00EE	0x2A17      	INCF        _ucContador, 1 
;projetoFinal2.c,82 :: 		EEPROM_Write(ucContador+1,0x30+(temp%10));
0x00F0	0x5017      	MOVF        _ucContador, 0 
0x00F2	0x0F01      	ADDLW       1
0x00F4	0x6E37      	MOVWF       FARG_EEPROM_Write_address 
0x00F6	0x0E0A      	MOVLW       10
0x00F8	0x6E04      	MOVWF       R4 
0x00FA	0x0E00      	MOVLW       0
0x00FC	0x6E05      	MOVWF       R5 
0x00FE	0xD9B7      	RCALL       _Div_16X16_U
0x0100	0xF000C008  	MOVFF       R8, R0
0x0104	0xF001C009  	MOVFF       R9, R1
0x0108	0x5000      	MOVF        R0, 0 
0x010A	0x0F30      	ADDLW       48
0x010C	0x6E38      	MOVWF       FARG_EEPROM_Write_data_ 
0x010E	0xD9CA      	RCALL       _EEPROM_Write
;projetoFinal2.c,83 :: 		ucContador++;
0x0110	0x2A17      	INCF        _ucContador, 1 
;projetoFinal2.c,84 :: 		}
L_interrupt6:
;projetoFinal2.c,86 :: 		INTCON.TMR0IF = 0;       // Limpa o flag de estouro do timer0 para uma nova contagem de tempo.
0x0112	0x94F2      	BCF         INTCON, 2 
;projetoFinal2.c,88 :: 		}
L_interrupt0:
;projetoFinal2.c,89 :: 		}
L_end_interrupt:
L__interrupt10:
0x0114	0xF000C016  	MOVFF       22, R0
0x0118	0xF001C015  	MOVFF       21, R1
0x011C	0x0011      	RETFIE      1
; end of _interrupt
_Delay_50us:
;__Lib_Delays.c,19 :: 		void Delay_50us() {
;__Lib_Delays.c,20 :: 		Delay_us(50);
0x011E	0x0E21      	MOVLW       33
0x0120	0x6E0D      	MOVWF       R13, 0
L_Delay_50us2:
0x0122	0x2E0D      	DECFSZ      R13, 1, 0
0x0124	0xD7FE      	BRA         L_Delay_50us2
;__Lib_Delays.c,21 :: 		}
L_end_Delay_50us:
0x0126	0x0012      	RETURN      0
; end of _Delay_50us
_Delay_5500us:
;__Lib_Delays.c,31 :: 		void Delay_5500us() {
;__Lib_Delays.c,32 :: 		Delay_us(5500);
0x0128	0x0E0F      	MOVLW       15
0x012A	0x6E0C      	MOVWF       R12, 0
0x012C	0x0E47      	MOVLW       71
0x012E	0x6E0D      	MOVWF       R13, 0
L_Delay_5500us5:
0x0130	0x2E0D      	DECFSZ      R13, 1, 0
0x0132	0xD7FE      	BRA         L_Delay_5500us5
0x0134	0x2E0C      	DECFSZ      R12, 1, 0
0x0136	0xD7FC      	BRA         L_Delay_5500us5
0x0138	0x0000      	NOP
0x013A	0x0000      	NOP
;__Lib_Delays.c,33 :: 		}
L_end_Delay_5500us:
0x013C	0x0012      	RETURN      0
; end of _Delay_5500us
_Delay_1us:
;__Lib_Delays.c,7 :: 		void Delay_1us() {
;__Lib_Delays.c,8 :: 		Delay_us(1);
0x013E	0x0000      	NOP
0x0140	0x0000      	NOP
;__Lib_Delays.c,9 :: 		}
L_end_Delay_1us:
0x0142	0x0012      	RETURN      0
; end of _Delay_1us
_Lcd_Cmd:
;__Lib_Lcd.c,18 :: 		
;__Lib_Lcd.c,20 :: 		
0x0144	0xBE41      	BTFSC       FARG_Lcd_Cmd_out_char, 7 
0x0146	0xD002      	BRA         L__Lcd_Cmd21
0x0148	0x9E83      	BCF         LCD_D7, BitPos(LCD_D7+0) 
0x014A	0xD001      	BRA         L__Lcd_Cmd22
L__Lcd_Cmd21:
0x014C	0x8E83      	BSF         LCD_D7, BitPos(LCD_D7+0) 
L__Lcd_Cmd22:
;__Lib_Lcd.c,21 :: 		
0x014E	0xBC41      	BTFSC       FARG_Lcd_Cmd_out_char, 6 
0x0150	0xD002      	BRA         L__Lcd_Cmd23
0x0152	0x9C83      	BCF         LCD_D6, BitPos(LCD_D6+0) 
0x0154	0xD001      	BRA         L__Lcd_Cmd24
L__Lcd_Cmd23:
0x0156	0x8C83      	BSF         LCD_D6, BitPos(LCD_D6+0) 
L__Lcd_Cmd24:
;__Lib_Lcd.c,22 :: 		
0x0158	0xBA41      	BTFSC       FARG_Lcd_Cmd_out_char, 5 
0x015A	0xD002      	BRA         L__Lcd_Cmd25
0x015C	0x9A83      	BCF         LCD_D5, BitPos(LCD_D5+0) 
0x015E	0xD001      	BRA         L__Lcd_Cmd26
L__Lcd_Cmd25:
0x0160	0x8A83      	BSF         LCD_D5, BitPos(LCD_D5+0) 
L__Lcd_Cmd26:
;__Lib_Lcd.c,23 :: 		
0x0162	0xB841      	BTFSC       FARG_Lcd_Cmd_out_char, 4 
0x0164	0xD002      	BRA         L__Lcd_Cmd27
0x0166	0x9883      	BCF         LCD_D4, BitPos(LCD_D4+0) 
0x0168	0xD001      	BRA         L__Lcd_Cmd28
L__Lcd_Cmd27:
0x016A	0x8883      	BSF         LCD_D4, BitPos(LCD_D4+0) 
L__Lcd_Cmd28:
;__Lib_Lcd.c,25 :: 		
0x016C	0xB031      	BTFSC       __Lib_Lcd_cmd_status, BitPos(__Lib_Lcd_cmd_status+0) 
0x016E	0xD002      	BRA         L__Lcd_Cmd29
0x0170	0x8484      	BSF         LCD_RS, BitPos(LCD_RS+0) 
0x0172	0xD001      	BRA         L__Lcd_Cmd30
L__Lcd_Cmd29:
0x0174	0x9484      	BCF         LCD_RS, BitPos(LCD_RS+0) 
L__Lcd_Cmd30:
;__Lib_Lcd.c,28 :: 		
0x0176	0x8284      	BSF         LCD_EN, BitPos(LCD_EN+0) 
;__Lib_Lcd.c,29 :: 		
0x0178	0xDFE2      	RCALL       _Delay_1us
;__Lib_Lcd.c,30 :: 		
0x017A	0x9284      	BCF         LCD_EN, BitPos(LCD_EN+0) 
;__Lib_Lcd.c,33 :: 		
0x017C	0xB641      	BTFSC       FARG_Lcd_Cmd_out_char, 3 
0x017E	0xD002      	BRA         L__Lcd_Cmd31
0x0180	0x9E83      	BCF         LCD_D7, BitPos(LCD_D7+0) 
0x0182	0xD001      	BRA         L__Lcd_Cmd32
L__Lcd_Cmd31:
0x0184	0x8E83      	BSF         LCD_D7, BitPos(LCD_D7+0) 
L__Lcd_Cmd32:
;__Lib_Lcd.c,34 :: 		
0x0186	0xB441      	BTFSC       FARG_Lcd_Cmd_out_char, 2 
0x0188	0xD002      	BRA         L__Lcd_Cmd33
0x018A	0x9C83      	BCF         LCD_D6, BitPos(LCD_D6+0) 
0x018C	0xD001      	BRA         L__Lcd_Cmd34
L__Lcd_Cmd33:
0x018E	0x8C83      	BSF         LCD_D6, BitPos(LCD_D6+0) 
L__Lcd_Cmd34:
;__Lib_Lcd.c,35 :: 		
0x0190	0xB241      	BTFSC       FARG_Lcd_Cmd_out_char, 1 
0x0192	0xD002      	BRA         L__Lcd_Cmd35
0x0194	0x9A83      	BCF         LCD_D5, BitPos(LCD_D5+0) 
0x0196	0xD001      	BRA         L__Lcd_Cmd36
L__Lcd_Cmd35:
0x0198	0x8A83      	BSF         LCD_D5, BitPos(LCD_D5+0) 
L__Lcd_Cmd36:
;__Lib_Lcd.c,36 :: 		
0x019A	0xB041      	BTFSC       FARG_Lcd_Cmd_out_char, 0 
0x019C	0xD002      	BRA         L__Lcd_Cmd37
0x019E	0x9883      	BCF         LCD_D4, BitPos(LCD_D4+0) 
0x01A0	0xD001      	BRA         L__Lcd_Cmd38
L__Lcd_Cmd37:
0x01A2	0x8883      	BSF         LCD_D4, BitPos(LCD_D4+0) 
L__Lcd_Cmd38:
;__Lib_Lcd.c,38 :: 		
0x01A4	0xB031      	BTFSC       __Lib_Lcd_cmd_status, BitPos(__Lib_Lcd_cmd_status+0) 
0x01A6	0xD002      	BRA         L__Lcd_Cmd39
0x01A8	0x8484      	BSF         LCD_RS, BitPos(LCD_RS+0) 
0x01AA	0xD001      	BRA         L__Lcd_Cmd40
L__Lcd_Cmd39:
0x01AC	0x9484      	BCF         LCD_RS, BitPos(LCD_RS+0) 
L__Lcd_Cmd40:
;__Lib_Lcd.c,40 :: 		
0x01AE	0x8284      	BSF         LCD_EN, BitPos(LCD_EN+0) 
;__Lib_Lcd.c,41 :: 		
0x01B0	0xDFC6      	RCALL       _Delay_1us
;__Lib_Lcd.c,42 :: 		
0x01B2	0x9284      	BCF         LCD_EN, BitPos(LCD_EN+0) 
;__Lib_Lcd.c,44 :: 		
0x01B4	0xA031      	BTFSS       __Lib_Lcd_cmd_status, BitPos(__Lib_Lcd_cmd_status+0) 
0x01B6	0xD002      	BRA         L_Lcd_Cmd0
;__Lib_Lcd.c,45 :: 		
0x01B8	0xDFB7      	RCALL       _Delay_5500us
0x01BA	0xD001      	BRA         L_Lcd_Cmd1
L_Lcd_Cmd0:
;__Lib_Lcd.c,47 :: 		
0x01BC	0xDFB0      	RCALL       _Delay_50us
L_Lcd_Cmd1:
;__Lib_Lcd.c,48 :: 		
L_end_Lcd_Cmd:
0x01BE	0x0012      	RETURN      0
; end of _Lcd_Cmd
_Lcd_Chr:
;__Lib_Lcd.c,65 :: 		
;__Lib_Lcd.c,66 :: 		
0x01C0	0xD00F      	BRA         L_Lcd_Chr4
;__Lib_Lcd.c,67 :: 		
L_Lcd_Chr6:
0x01C2	0x0E80      	MOVLW       128
0x01C4	0x6E3E      	MOVWF       FARG_Lcd_Chr_row 
0x01C6	0xD019      	BRA         L_Lcd_Chr5
;__Lib_Lcd.c,68 :: 		
L_Lcd_Chr7:
0x01C8	0x0EC0      	MOVLW       192
0x01CA	0x6E3E      	MOVWF       FARG_Lcd_Chr_row 
0x01CC	0xD016      	BRA         L_Lcd_Chr5
;__Lib_Lcd.c,69 :: 		
L_Lcd_Chr8:
0x01CE	0x0E94      	MOVLW       148
0x01D0	0x6E3E      	MOVWF       FARG_Lcd_Chr_row 
0x01D2	0xD013      	BRA         L_Lcd_Chr5
;__Lib_Lcd.c,70 :: 		
L_Lcd_Chr9:
0x01D4	0x0ED4      	MOVLW       212
0x01D6	0x6E3E      	MOVWF       FARG_Lcd_Chr_row 
0x01D8	0xD010      	BRA         L_Lcd_Chr5
;__Lib_Lcd.c,71 :: 		
L_Lcd_Chr10:
0x01DA	0x0E80      	MOVLW       128
0x01DC	0x6E3E      	MOVWF       FARG_Lcd_Chr_row 
;__Lib_Lcd.c,72 :: 		
0x01DE	0xD00D      	BRA         L_Lcd_Chr5
L_Lcd_Chr4:
0x01E0	0x503E      	MOVF        FARG_Lcd_Chr_row, 0 
0x01E2	0x0A01      	XORLW       1
0x01E4	0xE0EE      	BZ          L_Lcd_Chr6
0x01E6	0x503E      	MOVF        FARG_Lcd_Chr_row, 0 
0x01E8	0x0A02      	XORLW       2
0x01EA	0xE0EE      	BZ          L_Lcd_Chr7
0x01EC	0x503E      	MOVF        FARG_Lcd_Chr_row, 0 
0x01EE	0x0A03      	XORLW       3
0x01F0	0xE0EE      	BZ          L_Lcd_Chr8
0x01F2	0x503E      	MOVF        FARG_Lcd_Chr_row, 0 
0x01F4	0x0A04      	XORLW       4
0x01F6	0xE0EE      	BZ          L_Lcd_Chr9
0x01F8	0xD7F0      	BRA         L_Lcd_Chr10
L_Lcd_Chr5:
;__Lib_Lcd.c,74 :: 		
0x01FA	0x043F      	DECF        FARG_Lcd_Chr_column, 0 
0x01FC	0x6E00      	MOVWF       R0 
0x01FE	0x503E      	MOVF        FARG_Lcd_Chr_row, 0 
0x0200	0x2600      	ADDWF       R0, 1 
0x0202	0xF03EC000  	MOVFF       R0, FARG_Lcd_Chr_row
;__Lib_Lcd.c,76 :: 		
0x0206	0x8031      	BSF         __Lib_Lcd_cmd_status, BitPos(__Lib_Lcd_cmd_status+0) 
;__Lib_Lcd.c,77 :: 		
0x0208	0xF041C000  	MOVFF       R0, FARG_Lcd_Cmd_out_char
0x020C	0xDF9B      	RCALL       _Lcd_Cmd
;__Lib_Lcd.c,79 :: 		
0x020E	0x9031      	BCF         __Lib_Lcd_cmd_status, BitPos(__Lib_Lcd_cmd_status+0) 
;__Lib_Lcd.c,80 :: 		
0x0210	0xF041C040  	MOVFF       FARG_Lcd_Chr_out_char, FARG_Lcd_Cmd_out_char
0x0214	0xDF97      	RCALL       _Lcd_Cmd
;__Lib_Lcd.c,81 :: 		
0x0216	0x8031      	BSF         __Lib_Lcd_cmd_status, BitPos(__Lib_Lcd_cmd_status+0) 
;__Lib_Lcd.c,82 :: 		
L_end_Lcd_Chr:
0x0218	0x0012      	RETURN      0
; end of _Lcd_Chr
_Lcd_Chr_CP:
;__Lib_Lcd.c,50 :: 		
;__Lib_Lcd.c,52 :: 		
0x021A	0x9031      	BCF         __Lib_Lcd_cmd_status, BitPos(__Lib_Lcd_cmd_status+0) 
;__Lib_Lcd.c,53 :: 		
0x021C	0xF041C03E  	MOVFF       FARG_Lcd_Chr_CP_out_char, FARG_Lcd_Cmd_out_char
0x0220	0xDF91      	RCALL       _Lcd_Cmd
;__Lib_Lcd.c,54 :: 		
0x0222	0x8031      	BSF         __Lib_Lcd_cmd_status, BitPos(__Lib_Lcd_cmd_status+0) 
;__Lib_Lcd.c,55 :: 		
L_end_Lcd_Chr_CP:
0x0224	0x0012      	RETURN      0
; end of _Lcd_Chr_CP
_I2C1_Is_Idle:
;__Lib_I2C_c34.c,29 :: 		
;__Lib_I2C_c34.c,30 :: 		
0x0226	0xB4C7      	BTFSC       SSPSTAT, 2 
0x0228	0xD009      	BRA         L_I2C1_Is_Idle0
;__Lib_I2C_c34.c,31 :: 		
0x022A	0x0E1F      	MOVLW       31
0x022C	0x14C5      	ANDWF       SSPCON2, 0 
0x022E	0x6E01      	MOVWF       R1 
0x0230	0x5001      	MOVF        R1, 0 
0x0232	0x0A00      	XORLW       0
0x0234	0xE103      	BNZ         L_I2C1_Is_Idle1
;__Lib_I2C_c34.c,32 :: 		
0x0236	0x0E01      	MOVLW       1
0x0238	0x6E00      	MOVWF       R0 
0x023A	0xD001      	BRA         L_end_I2C1_Is_Idle
L_I2C1_Is_Idle1:
L_I2C1_Is_Idle0:
;__Lib_I2C_c34.c,33 :: 		
0x023C	0x6A00      	CLRF        R0 
;__Lib_I2C_c34.c,34 :: 		
L_end_I2C1_Is_Idle:
0x023E	0x0012      	RETURN      0
; end of _I2C1_Is_Idle
_Lcd_Out:
;__Lib_Lcd.c,184 :: 		
;__Lib_Lcd.c,187 :: 		
0x0240	0xD00F      	BRA         L_Lcd_Out11
;__Lib_Lcd.c,188 :: 		
L_Lcd_Out13:
0x0242	0x0E80      	MOVLW       128
0x0244	0x6E39      	MOVWF       FARG_Lcd_Out_row 
0x0246	0xD019      	BRA         L_Lcd_Out12
;__Lib_Lcd.c,189 :: 		
L_Lcd_Out14:
0x0248	0x0EC0      	MOVLW       192
0x024A	0x6E39      	MOVWF       FARG_Lcd_Out_row 
0x024C	0xD016      	BRA         L_Lcd_Out12
;__Lib_Lcd.c,190 :: 		
L_Lcd_Out15:
0x024E	0x0E94      	MOVLW       148
0x0250	0x6E39      	MOVWF       FARG_Lcd_Out_row 
0x0252	0xD013      	BRA         L_Lcd_Out12
;__Lib_Lcd.c,191 :: 		
L_Lcd_Out16:
0x0254	0x0ED4      	MOVLW       212
0x0256	0x6E39      	MOVWF       FARG_Lcd_Out_row 
0x0258	0xD010      	BRA         L_Lcd_Out12
;__Lib_Lcd.c,192 :: 		
L_Lcd_Out17:
0x025A	0x0E80      	MOVLW       128
0x025C	0x6E39      	MOVWF       FARG_Lcd_Out_row 
;__Lib_Lcd.c,193 :: 		
0x025E	0xD00D      	BRA         L_Lcd_Out12
L_Lcd_Out11:
0x0260	0x5039      	MOVF        FARG_Lcd_Out_row, 0 
0x0262	0x0A01      	XORLW       1
0x0264	0xE0EE      	BZ          L_Lcd_Out13
0x0266	0x5039      	MOVF        FARG_Lcd_Out_row, 0 
0x0268	0x0A02      	XORLW       2
0x026A	0xE0EE      	BZ          L_Lcd_Out14
0x026C	0x5039      	MOVF        FARG_Lcd_Out_row, 0 
0x026E	0x0A03      	XORLW       3
0x0270	0xE0EE      	BZ          L_Lcd_Out15
0x0272	0x5039      	MOVF        FARG_Lcd_Out_row, 0 
0x0274	0x0A04      	XORLW       4
0x0276	0xE0EE      	BZ          L_Lcd_Out16
0x0278	0xD7F0      	BRA         L_Lcd_Out17
L_Lcd_Out12:
;__Lib_Lcd.c,194 :: 		
0x027A	0x043A      	DECF        FARG_Lcd_Out_column, 0 
0x027C	0x6E00      	MOVWF       R0 
0x027E	0x5039      	MOVF        FARG_Lcd_Out_row, 0 
0x0280	0x2600      	ADDWF       R0, 1 
0x0282	0xF039C000  	MOVFF       R0, FARG_Lcd_Out_row
;__Lib_Lcd.c,196 :: 		
0x0286	0xF041C000  	MOVFF       R0, FARG_Lcd_Cmd_out_char
0x028A	0xDF5C      	RCALL       _Lcd_Cmd
;__Lib_Lcd.c,197 :: 		
0x028C	0x9031      	BCF         __Lib_Lcd_cmd_status, BitPos(__Lib_Lcd_cmd_status+0) 
;__Lib_Lcd.c,198 :: 		
0x028E	0x6A3D      	CLRF        Lcd_Out_i_L0 
;__Lib_Lcd.c,199 :: 		
L_Lcd_Out18:
0x0290	0x503D      	MOVF        Lcd_Out_i_L0, 0 
0x0292	0x243B      	ADDWF       FARG_Lcd_Out_text, 0 
0x0294	0x6EE9      	MOVWF       FSR0L 
0x0296	0x0E00      	MOVLW       0
0x0298	0x203C      	ADDWFC      FARG_Lcd_Out_text+1, 0 
0x029A	0x6EEA      	MOVWF       FSR0H 
0x029C	0x52EE      	MOVF        POSTINC0, 1 
0x029E	0xE00B      	BZ          L_Lcd_Out19
;__Lib_Lcd.c,200 :: 		
0x02A0	0x503D      	MOVF        Lcd_Out_i_L0, 0 
0x02A2	0x243B      	ADDWF       FARG_Lcd_Out_text, 0 
0x02A4	0x6EE9      	MOVWF       FSR0L 
0x02A6	0x0E00      	MOVLW       0
0x02A8	0x203C      	ADDWFC      FARG_Lcd_Out_text+1, 0 
0x02AA	0x6EEA      	MOVWF       FSR0H 
0x02AC	0xF03ECFEE  	MOVFF       POSTINC0, FARG_Lcd_Chr_CP_out_char
0x02B0	0xDFB4      	RCALL       _Lcd_Chr_CP
0x02B2	0x2A3D      	INCF        Lcd_Out_i_L0, 1 
0x02B4	0xD7ED      	BRA         L_Lcd_Out18
L_Lcd_Out19:
;__Lib_Lcd.c,201 :: 		
0x02B6	0x8031      	BSF         __Lib_Lcd_cmd_status, BitPos(__Lib_Lcd_cmd_status+0) 
;__Lib_Lcd.c,202 :: 		
L_end_Lcd_Out:
0x02B8	0x0012      	RETURN      0
; end of _Lcd_Out
_Delay_22us:
;__Lib_Delays.c,15 :: 		void Delay_22us() {
;__Lib_Delays.c,16 :: 		Delay_us(22);
0x02BA	0x0E0E      	MOVLW       14
0x02BC	0x6E0D      	MOVWF       R13, 0
L_Delay_22us1:
0x02BE	0x2E0D      	DECFSZ      R13, 1, 0
0x02C0	0xD7FE      	BRA         L_Delay_22us1
0x02C2	0x0000      	NOP
;__Lib_Delays.c,17 :: 		}
L_end_Delay_22us:
0x02C4	0x0012      	RETURN      0
; end of _Delay_22us
_Converte_BCD:
;projetoFinal2.c,125 :: 		void Converte_BCD(unsigned char ucLinha, unsigned char ucColuna,unsigned char ucValor) {
;projetoFinal2.c,128 :: 		ucValor1 = (ucValor >> 4  ) + '0';
0x02C6	0xF040C03B  	MOVFF       FARG_Converte_BCD_ucValor, FARG_Lcd_Chr_out_char
0x02CA	0x3240      	RRCF        FARG_Lcd_Chr_out_char, 1 
0x02CC	0x9E40      	BCF         FARG_Lcd_Chr_out_char, 7 
0x02CE	0x3240      	RRCF        FARG_Lcd_Chr_out_char, 1 
0x02D0	0x9E40      	BCF         FARG_Lcd_Chr_out_char, 7 
0x02D2	0x3240      	RRCF        FARG_Lcd_Chr_out_char, 1 
0x02D4	0x9E40      	BCF         FARG_Lcd_Chr_out_char, 7 
0x02D6	0x3240      	RRCF        FARG_Lcd_Chr_out_char, 1 
0x02D8	0x9E40      	BCF         FARG_Lcd_Chr_out_char, 7 
0x02DA	0x0E30      	MOVLW       48
0x02DC	0x2640      	ADDWF       FARG_Lcd_Chr_out_char, 1 
;projetoFinal2.c,129 :: 		Lcd_Chr(ucLinha,ucColuna,ucValor1);
0x02DE	0xF03EC039  	MOVFF       FARG_Converte_BCD_ucLinha, FARG_Lcd_Chr_row
0x02E2	0xF03FC03A  	MOVFF       FARG_Converte_BCD_ucColuna, FARG_Lcd_Chr_column
0x02E6	0xDF6C      	RCALL       _Lcd_Chr
;projetoFinal2.c,130 :: 		ucValor2 = (ucValor & 0x0F) + '0';
0x02E8	0x0E0F      	MOVLW       15
0x02EA	0x143B      	ANDWF       FARG_Converte_BCD_ucValor, 0 
0x02EC	0x6E3E      	MOVWF       FARG_Lcd_Chr_CP_out_char 
0x02EE	0x0E30      	MOVLW       48
0x02F0	0x263E      	ADDWF       FARG_Lcd_Chr_CP_out_char, 1 
;projetoFinal2.c,131 :: 		Lcd_Chr_CP(ucValor2);
0x02F2	0xDF93      	RCALL       _Lcd_Chr_CP
;projetoFinal2.c,132 :: 		}
L_end_Converte_BCD:
0x02F4	0x0012      	RETURN      0
; end of _Converte_BCD
_I2C1_Rd:
;__Lib_I2C_c34.c,60 :: 		
;__Lib_I2C_c34.c,63 :: 		
0x02F6	0x969E      	BCF         PIR1, 3 
;__Lib_I2C_c34.c,64 :: 		
0x02F8	0x86C5      	BSF         SSPCON2, 3 
;__Lib_I2C_c34.c,66 :: 		
L_I2C1_Rd12:
0x02FA	0xB69E      	BTFSC       PIR1, 3 
0x02FC	0xD001      	BRA         L_I2C1_Rd13
;__Lib_I2C_c34.c,67 :: 		
0x02FE	0xD7FD      	BRA         L_I2C1_Rd12
L_I2C1_Rd13:
;__Lib_I2C_c34.c,69 :: 		
0x0300	0xF001CFC9  	MOVFF       SSPBUF, R1
;__Lib_I2C_c34.c,70 :: 		
0x0304	0x5033      	MOVF        FARG_I2C1_Rd_ack, 0 
0x0306	0x0A00      	XORLW       0
0x0308	0xE102      	BNZ         L_I2C1_Rd14
;__Lib_I2C_c34.c,71 :: 		
0x030A	0x8AC5      	BSF         SSPCON2, 5 
0x030C	0xD001      	BRA         L_I2C1_Rd15
L_I2C1_Rd14:
;__Lib_I2C_c34.c,73 :: 		
0x030E	0x9AC5      	BCF         SSPCON2, 5 
L_I2C1_Rd15:
;__Lib_I2C_c34.c,75 :: 		
0x0310	0x969E      	BCF         PIR1, 3 
;__Lib_I2C_c34.c,76 :: 		
0x0312	0x88C5      	BSF         SSPCON2, 4 
;__Lib_I2C_c34.c,78 :: 		
L_I2C1_Rd16:
0x0314	0xB69E      	BTFSC       PIR1, 3 
0x0316	0xD001      	BRA         L_I2C1_Rd17
;__Lib_I2C_c34.c,79 :: 		
0x0318	0xD7FD      	BRA         L_I2C1_Rd16
L_I2C1_Rd17:
;__Lib_I2C_c34.c,81 :: 		
0x031A	0xF000C001  	MOVFF       R1, R0
;__Lib_I2C_c34.c,82 :: 		
L_end_I2C1_Rd:
0x031E	0x0012      	RETURN      0
; end of _I2C1_Rd
_I2C1_Start:
;__Lib_I2C_c34.c,36 :: 		
;__Lib_I2C_c34.c,39 :: 		
0x0320	0x6A33      	CLRF        I2C1_Start_j_L0 
0x0322	0x6A34      	CLRF        I2C1_Start_j_L0+1 
L_I2C1_Start2:
0x0324	0x5034      	MOVF        I2C1_Start_j_L0+1, 0 
0x0326	0x0812      	SUBLW       18
0x0328	0xE102      	BNZ         L__I2C1_Start27
0x032A	0x5033      	MOVF        I2C1_Start_j_L0, 0 
0x032C	0x088E      	SUBLW       142
L__I2C1_Start27:
0x032E	0xE307      	BNC         L_I2C1_Start3
;__Lib_I2C_c34.c,40 :: 		
0x0330	0xDF7A      	RCALL       _I2C1_Is_Idle
0x0332	0x5200      	MOVF        R0, 1 
0x0334	0xE001      	BZ          L_I2C1_Start5
;__Lib_I2C_c34.c,41 :: 		
0x0336	0xD003      	BRA         L_I2C1_Start3
L_I2C1_Start5:
;__Lib_I2C_c34.c,39 :: 		
0x0338	0x4A33      	INFSNZ      I2C1_Start_j_L0, 1 
0x033A	0x2A34      	INCF        I2C1_Start_j_L0+1, 1 
;__Lib_I2C_c34.c,42 :: 		
0x033C	0xD7F3      	BRA         L_I2C1_Start2
L_I2C1_Start3:
;__Lib_I2C_c34.c,44 :: 		
0x033E	0x0E12      	MOVLW       18
0x0340	0x5C34      	SUBWF       I2C1_Start_j_L0+1, 0 
0x0342	0xE102      	BNZ         L__I2C1_Start28
0x0344	0x0E8F      	MOVLW       143
0x0346	0x5C33      	SUBWF       I2C1_Start_j_L0, 0 
L__I2C1_Start28:
0x0348	0xE303      	BNC         L_I2C1_Start6
;__Lib_I2C_c34.c,45 :: 		
0x034A	0x0E7B      	MOVLW       123
0x034C	0x6E00      	MOVWF       R0 
0x034E	0xD005      	BRA         L_end_I2C1_Start
L_I2C1_Start6:
;__Lib_I2C_c34.c,47 :: 		
0x0350	0x80C5      	BSF         SSPCON2, 0 
;__Lib_I2C_c34.c,48 :: 		
L_I2C1_Start8:
0x0352	0xA0C5      	BTFSS       SSPCON2, 0 
0x0354	0xD001      	BRA         L_I2C1_Start9
;__Lib_I2C_c34.c,49 :: 		
0x0356	0xD7FD      	BRA         L_I2C1_Start8
L_I2C1_Start9:
;__Lib_I2C_c34.c,50 :: 		
0x0358	0x6A00      	CLRF        R0 
;__Lib_I2C_c34.c,52 :: 		
L_end_I2C1_Start:
0x035A	0x0012      	RETURN      0
; end of _I2C1_Start
_I2C1_Init:
;__Lib_I2C_c34.c,4 :: 		
;__Lib_I2C_c34.c,11 :: 		
0x035C	0x9894      	BCF         TRISC4_bit, BitPos(TRISC4_bit+0) 
;__Lib_I2C_c34.c,12 :: 		
0x035E	0x9694      	BCF         TRISC3_bit, BitPos(TRISC3_bit+0) 
;__Lib_I2C_c34.c,15 :: 		
0x0360	0x988B      	BCF         LATC4_bit, BitPos(LATC4_bit+0) 
;__Lib_I2C_c34.c,16 :: 		
0x0362	0x968B      	BCF         LATC3_bit, BitPos(LATC3_bit+0) 
;__Lib_I2C_c34.c,19 :: 		
0x0364	0x8894      	BSF         TRISC4_bit, BitPos(TRISC4_bit+0) 
;__Lib_I2C_c34.c,20 :: 		
0x0366	0x8694      	BSF         TRISC3_bit, BitPos(TRISC3_bit+0) 
;__Lib_I2C_c34.c,22 :: 		
0x0368	0x9EC7      	BCF         SSPSTAT, 7 
;__Lib_I2C_c34.c,23 :: 		
0x036A	0x9CC7      	BCF         SSPSTAT, 6 
;__Lib_I2C_c34.c,24 :: 		
0x036C	0x0E38      	MOVLW       56
0x036E	0x6EC6      	MOVWF       SSPCON1 
;__Lib_I2C_c34.c,27 :: 		
L_end_I2C1_Init:
0x0370	0x0012      	RETURN      0
; end of _I2C1_Init
_I2C1_Wr:
;__Lib_I2C_c34.c,84 :: 		
;__Lib_I2C_c34.c,86 :: 		
0x0372	0x969E      	BCF         PIR1, 3 
;__Lib_I2C_c34.c,87 :: 		
0x0374	0xFFC9C033  	MOVFF       FARG_I2C1_Wr_data_, SSPBUF
;__Lib_I2C_c34.c,89 :: 		
L_I2C1_Wr18:
0x0378	0xA4C7      	BTFSS       SSPSTAT, 2 
0x037A	0xD001      	BRA         L_I2C1_Wr19
;__Lib_I2C_c34.c,90 :: 		
0x037C	0xD7FD      	BRA         L_I2C1_Wr18
L_I2C1_Wr19:
;__Lib_I2C_c34.c,92 :: 		
L_I2C1_Wr20:
0x037E	0xB69E      	BTFSC       PIR1, 3 
0x0380	0xD001      	BRA         L_I2C1_Wr21
;__Lib_I2C_c34.c,93 :: 		
0x0382	0xD7FD      	BRA         L_I2C1_Wr20
L_I2C1_Wr21:
;__Lib_I2C_c34.c,95 :: 		
0x0384	0xBCC5      	BTFSC       SSPCON2, 6 
0x0386	0xD002      	BRA         L_I2C1_Wr22
;__Lib_I2C_c34.c,96 :: 		
0x0388	0x6A00      	CLRF        R0 
0x038A	0xD003      	BRA         L_end_I2C1_Wr
;__Lib_I2C_c34.c,97 :: 		
L_I2C1_Wr22:
;__Lib_I2C_c34.c,99 :: 		
0x038C	0x84C5      	BSF         SSPCON2, 2 
;__Lib_I2C_c34.c,100 :: 		
0x038E	0x0E02      	MOVLW       2
0x0390	0x6E00      	MOVWF       R0 
;__Lib_I2C_c34.c,102 :: 		
L_end_I2C1_Wr:
0x0392	0x0012      	RETURN      0
; end of _I2C1_Wr
_I2C1_Repeated_Start:
;__Lib_I2C_c34.c,54 :: 		
;__Lib_I2C_c34.c,55 :: 		
0x0394	0x82C5      	BSF         SSPCON2, 1 
;__Lib_I2C_c34.c,56 :: 		
L_I2C1_Repeated_Start10:
0x0396	0xA2C5      	BTFSS       SSPCON2, 1 
0x0398	0xD001      	BRA         L_I2C1_Repeated_Start11
;__Lib_I2C_c34.c,57 :: 		
0x039A	0xD7FD      	BRA         L_I2C1_Repeated_Start10
L_I2C1_Repeated_Start11:
;__Lib_I2C_c34.c,58 :: 		
L_end_I2C1_Repeated_Start:
0x039C	0x0012      	RETURN      0
; end of _I2C1_Repeated_Start
_I2C1_Stop:
;__Lib_I2C_c34.c,105 :: 		
;__Lib_I2C_c34.c,106 :: 		
0x039E	0x84C5      	BSF         SSPCON2, 2 
;__Lib_I2C_c34.c,107 :: 		
L_end_I2C1_Stop:
0x03A0	0x0012      	RETURN      0
; end of _I2C1_Stop
_ADC_Read:
;__Lib_ADC_A_D.c,35 :: 		
;__Lib_ADC_A_D.c,38 :: 		
0x03A2	0x6AC2      	CLRF        ADCON0 
;__Lib_ADC_A_D.c,39 :: 		
0x03A4	0x0E07      	MOVLW       7
0x03A6	0x12C0      	IORWF       ADCON2, 1 
;__Lib_ADC_A_D.c,40 :: 		
0x03A8	0x8EC0      	BSF         ADCON2, 7 
;__Lib_ADC_A_D.c,41 :: 		
0x03AA	0xF000C037  	MOVFF       FARG_ADC_Read_channel, R0
0x03AE	0x3600      	RLCF        R0, 1 
0x03B0	0x9000      	BCF         R0, 0 
0x03B2	0x3600      	RLCF        R0, 1 
0x03B4	0x9000      	BCF         R0, 0 
0x03B6	0x5000      	MOVF        R0, 0 
0x03B8	0x12C2      	IORWF       ADCON0, 1 
;__Lib_ADC_A_D.c,42 :: 		
0x03BA	0x80C2      	BSF         ADCON0, 0 
;__Lib_ADC_A_D.c,43 :: 		
0x03BC	0xDF7E      	RCALL       _Delay_22us
;__Lib_ADC_A_D.c,44 :: 		
0x03BE	0x82C2      	BSF         ADCON0, 1 
;__Lib_ADC_A_D.c,45 :: 		
L_ADC_Read2:
0x03C0	0xA2C2      	BTFSS       ADCON0, 1 
0x03C2	0xD001      	BRA         L_ADC_Read3
;__Lib_ADC_A_D.c,46 :: 		
0x03C4	0xD7FD      	BRA         L_ADC_Read2
L_ADC_Read3:
;__Lib_ADC_A_D.c,47 :: 		
0x03C6	0xF001CFC4  	MOVFF       ADRESH, R1
0x03CA	0x6A00      	CLRF        R0 
;__Lib_ADC_A_D.c,48 :: 		
0x03CC	0x50C3      	MOVF        ADRESL, 0 
0x03CE	0x1200      	IORWF       R0, 1 
0x03D0	0x0E00      	MOVLW       0
0x03D2	0x1201      	IORWF       R1, 1 
;__Lib_ADC_A_D.c,49 :: 		
0x03D4	0x90C2      	BCF         ADCON0, 0 
;__Lib_ADC_A_D.c,51 :: 		
;__Lib_ADC_A_D.c,52 :: 		
L_end_ADC_Read:
0x03D6	0x0012      	RETURN      0
; end of _ADC_Read
_Leitura_RTC:
;projetoFinal2.c,134 :: 		void Leitura_RTC()
;projetoFinal2.c,136 :: 		I2C1_Start();
0x03D8	0xDFA3      	RCALL       _I2C1_Start
;projetoFinal2.c,137 :: 		I2C1_Wr(0xD0);
0x03DA	0x0ED0      	MOVLW       208
0x03DC	0x6E33      	MOVWF       FARG_I2C1_Wr_data_ 
0x03DE	0xDFC9      	RCALL       _I2C1_Wr
;projetoFinal2.c,138 :: 		I2C1_Wr(0);
0x03E0	0x6A33      	CLRF        FARG_I2C1_Wr_data_ 
0x03E2	0xDFC7      	RCALL       _I2C1_Wr
;projetoFinal2.c,139 :: 		I2C1_Repeated_Start();
0x03E4	0xDFD7      	RCALL       _I2C1_Repeated_Start
;projetoFinal2.c,140 :: 		I2C1_Wr(0xD1);
0x03E6	0x0ED1      	MOVLW       209
0x03E8	0x6E33      	MOVWF       FARG_I2C1_Wr_data_ 
0x03EA	0xDFC3      	RCALL       _I2C1_Wr
;projetoFinal2.c,141 :: 		ucSegundo = I2C1_Rd(1);
0x03EC	0x0E01      	MOVLW       1
0x03EE	0x6E33      	MOVWF       FARG_I2C1_Rd_ack 
0x03F0	0xDF82      	RCALL       _I2C1_Rd
0x03F2	0xF032C000  	MOVFF       R0, _ucSegundo
;projetoFinal2.c,142 :: 		ucMinuto = I2C1_Rd(1);
0x03F6	0x0E01      	MOVLW       1
0x03F8	0x6E33      	MOVWF       FARG_I2C1_Rd_ack 
0x03FA	0xDF7D      	RCALL       _I2C1_Rd
0x03FC	0xF02FC000  	MOVFF       R0, _ucMinuto
;projetoFinal2.c,143 :: 		ucHora = I2C1_Rd(1);
0x0400	0x0E01      	MOVLW       1
0x0402	0x6E33      	MOVWF       FARG_I2C1_Rd_ack 
0x0404	0xDF78      	RCALL       _I2C1_Rd
0x0406	0xF030C000  	MOVFF       R0, _ucHora
;projetoFinal2.c,144 :: 		I2C1_Stop();
0x040A	0xDFC9      	RCALL       _I2C1_Stop
;projetoFinal2.c,145 :: 		}
L_end_Leitura_RTC:
0x040C	0x0012      	RETURN      0
; end of _Leitura_RTC
_EEPROM_Read:
;__Lib_EEPROM_256.c,7 :: 		
;__Lib_EEPROM_256.c,9 :: 		
0x040E	0x9CA6      	BCF         EECON1, 6 
;__Lib_EEPROM_256.c,10 :: 		
0x0410	0xFFA9C037  	MOVFF       FARG_EEPROM_Read_address, EEADR
;__Lib_EEPROM_256.c,11 :: 		
0x0414	0x9EA6      	BCF         EECON1, 7 
;__Lib_EEPROM_256.c,12 :: 		
0x0416	0x80A6      	BSF         EECON1, 0 
;__Lib_EEPROM_256.c,14 :: 		
0x0418	0xF000CFA8  	MOVFF       EEDATA, R0
;__Lib_EEPROM_256.c,16 :: 		
L_end_EEPROM_Read:
0x041C	0x0012      	RETURN      0
; end of _EEPROM_Read
___CC2DW:
;__Lib_System.c,21 :: 		
;__Lib_System.c,23 :: 		
_CC2DL_Loop1:
;__Lib_System.c,24 :: 		
0x041E	0x0009      	TBLRD*+
;__Lib_System.c,25 :: 		
0x0420	0xFFE6CFF5  	MOVFF       TABLAT, POSTINC1
;__Lib_System.c,26 :: 		
0x0424	0x0600      	DECF        R0, 1, 0
;__Lib_System.c,27 :: 		
0x0426	0xE1FB      	BNZ         _CC2DL_Loop1
;__Lib_System.c,28 :: 		
0x0428	0x0601      	DECF        R1, 1, 0
;__Lib_System.c,29 :: 		
0x042A	0xE1F9      	BNZ         _CC2DL_Loop1
;__Lib_System.c,31 :: 		
L_end___CC2DW:
0x042C	0x0012      	RETURN      0
; end of ___CC2DW
_Grava_RTC:
;projetoFinal2.c,147 :: 		void Grava_RTC()
;projetoFinal2.c,149 :: 		I2C1_Init(100000);
0x042E	0x0E14      	MOVLW       20
0x0430	0x6EC8      	MOVWF       SSPADD 
0x0432	0xDF94      	RCALL       _I2C1_Init
;projetoFinal2.c,150 :: 		I2C1_Start();
0x0434	0xDF75      	RCALL       _I2C1_Start
;projetoFinal2.c,151 :: 		I2C1_Wr(0xD0);
0x0436	0x0ED0      	MOVLW       208
0x0438	0x6E33      	MOVWF       FARG_I2C1_Wr_data_ 
0x043A	0xDF9B      	RCALL       _I2C1_Wr
;projetoFinal2.c,152 :: 		I2C1_Wr(0);
0x043C	0x6A33      	CLRF        FARG_I2C1_Wr_data_ 
0x043E	0xDF99      	RCALL       _I2C1_Wr
;projetoFinal2.c,153 :: 		I2C1_Wr(0x04);
0x0440	0x0E04      	MOVLW       4
0x0442	0x6E33      	MOVWF       FARG_I2C1_Wr_data_ 
0x0444	0xDF96      	RCALL       _I2C1_Wr
;projetoFinal2.c,154 :: 		I2C1_Wr(0x12);
0x0446	0x0E12      	MOVLW       18
0x0448	0x6E33      	MOVWF       FARG_I2C1_Wr_data_ 
0x044A	0xDF93      	RCALL       _I2C1_Wr
;projetoFinal2.c,155 :: 		I2C1_Wr(0x09);
0x044C	0x0E09      	MOVLW       9
0x044E	0x6E33      	MOVWF       FARG_I2C1_Wr_data_ 
0x0450	0xDF90      	RCALL       _I2C1_Wr
;projetoFinal2.c,156 :: 		I2C1_Wr(0x03);
0x0452	0x0E03      	MOVLW       3
0x0454	0x6E33      	MOVWF       FARG_I2C1_Wr_data_ 
0x0456	0xDF8D      	RCALL       _I2C1_Wr
;projetoFinal2.c,157 :: 		I2C1_Wr(0x22);
0x0458	0x0E22      	MOVLW       34
0x045A	0x6E33      	MOVWF       FARG_I2C1_Wr_data_ 
0x045C	0xDF8A      	RCALL       _I2C1_Wr
;projetoFinal2.c,158 :: 		I2C1_Wr(0x06);
0x045E	0x0E06      	MOVLW       6
0x0460	0x6E33      	MOVWF       FARG_I2C1_Wr_data_ 
0x0462	0xDF87      	RCALL       _I2C1_Wr
;projetoFinal2.c,159 :: 		I2C1_Wr(0x17);
0x0464	0x0E17      	MOVLW       23
0x0466	0x6E33      	MOVWF       FARG_I2C1_Wr_data_ 
0x0468	0xDF84      	RCALL       _I2C1_Wr
;projetoFinal2.c,160 :: 		I2C1_Stop();
0x046A	0xDF99      	RCALL       _I2C1_Stop
;projetoFinal2.c,161 :: 		}
L_end_Grava_RTC:
0x046C	0x0012      	RETURN      0
; end of _Grava_RTC
_Div_16X16_U:
;__Lib_Math.c,102 :: 		
;__Lib_Math.c,109 :: 		
0x046E	0x6A08      	CLRF        R8, 0
;__Lib_Math.c,110 :: 		
0x0470	0x6A09      	CLRF        R9, 0
;__Lib_Math.c,111 :: 		
0x0472	0x0E10      	MOVLW       16
;__Lib_Math.c,112 :: 		
0x0474	0x6E0C      	MOVWF       R12, 0
;__Lib_Math.c,113 :: 		
0x0476	0x3401      	RLCF        R1, 0, 0
;__Lib_Math.c,114 :: 		
0x0478	0x3608      	RLCF        R8, 1, 0
;__Lib_Math.c,115 :: 		
0x047A	0x3609      	RLCF        R9, 1, 0
;__Lib_Math.c,116 :: 		
0x047C	0x5004      	MOVF        R4, 0, 0
;__Lib_Math.c,117 :: 		
0x047E	0x5E08      	SUBWF       R8, 1, 0
;__Lib_Math.c,118 :: 		
0x0480	0x5005      	MOVF        R5, 0, 0
;__Lib_Math.c,119 :: 		
0x0482	0xA0D8      	BTFSS       STATUS, 0, 0
;__Lib_Math.c,120 :: 		
0x0484	0x3C05      	INCFSZ      R5, 0, 0
;__Lib_Math.c,121 :: 		
0x0486	0x5E09      	SUBWF       R9, 1, 0
;__Lib_Math.c,122 :: 		
0x0488	0xB0D8      	BTFSC       STATUS, 0, 0
;__Lib_Math.c,123 :: 		
0x048A	0xD007      	BRA         $+16
;__Lib_Math.c,124 :: 		
0x048C	0x5004      	MOVF        R4, 0, 0
;__Lib_Math.c,125 :: 		
0x048E	0x2608      	ADDWF       R8, 1, 0
;__Lib_Math.c,126 :: 		
0x0490	0x5005      	MOVF        R5, 0, 0
;__Lib_Math.c,127 :: 		
0x0492	0xB0D8      	BTFSC       STATUS, 0, 0
;__Lib_Math.c,128 :: 		
0x0494	0x3C05      	INCFSZ      R5, 0, 0
;__Lib_Math.c,129 :: 		
0x0496	0x2609      	ADDWF       R9, 1, 0
;__Lib_Math.c,130 :: 		
0x0498	0x90D8      	BCF         STATUS, 0, 0
;__Lib_Math.c,131 :: 		
0x049A	0x3600      	RLCF        R0, 1, 0
;__Lib_Math.c,132 :: 		
0x049C	0x3601      	RLCF        R1, 1, 0
;__Lib_Math.c,133 :: 		
0x049E	0x2E0C      	DECFSZ      R12, 1, 0
;__Lib_Math.c,134 :: 		
0x04A0	0xD7EA      	BRA         $-42
;__Lib_Math.c,136 :: 		
L_end_Div_16X16_U:
0x04A2	0x0012      	RETURN      0
; end of _Div_16X16_U
_EEPROM_Write:
;__Lib_EEPROM_256.c,21 :: 		
;__Lib_EEPROM_256.c,24 :: 		
L_EEPROM_Write0:
0x04A4	0xA2A6      	BTFSS       EECON1, 1 
0x04A6	0xD002      	BRA         L_EEPROM_Write1
;__Lib_EEPROM_256.c,25 :: 		
0x04A8	0x0000      	NOP
0x04AA	0xD7FC      	BRA         L_EEPROM_Write0
L_EEPROM_Write1:
;__Lib_EEPROM_256.c,26 :: 		
0x04AC	0x9CA6      	BCF         EECON1, 6 
;__Lib_EEPROM_256.c,27 :: 		
0x04AE	0xFFA9C037  	MOVFF       FARG_EEPROM_Write_address, EEADR
;__Lib_EEPROM_256.c,28 :: 		
0x04B2	0xFFA8C038  	MOVFF       FARG_EEPROM_Write_data_, EEDATA
;__Lib_EEPROM_256.c,29 :: 		
0x04B6	0x9EA6      	BCF         EECON1, 7 
;__Lib_EEPROM_256.c,30 :: 		
0x04B8	0x84A6      	BSF         EECON1, 2 
;__Lib_EEPROM_256.c,32 :: 		
0x04BA	0xF000CFF2  	MOVFF       INTCON, R0
;__Lib_EEPROM_256.c,35 :: 		
0x04BE	0x9EF2      	BCF         INTCON, 7 
;__Lib_EEPROM_256.c,36 :: 		
0x04C0	0x0E55      	MOVLW       85
0x04C2	0x6EA7      	MOVWF       EECON2 
;__Lib_EEPROM_256.c,37 :: 		
0x04C4	0x0EAA      	MOVLW       170
0x04C6	0x6EA7      	MOVWF       EECON2 
;__Lib_EEPROM_256.c,38 :: 		
0x04C8	0x82A6      	BSF         EECON1, 1 
;__Lib_EEPROM_256.c,42 :: 		
0x04CA	0xBE00      	BTFSC       R0, 7 
0x04CC	0xD002      	BRA         L__EEPROM_Write4
0x04CE	0x9EF2      	BCF         INTCON, 7 
0x04D0	0xD001      	BRA         L__EEPROM_Write5
L__EEPROM_Write4:
0x04D2	0x8EF2      	BSF         INTCON, 7 
L__EEPROM_Write5:
;__Lib_EEPROM_256.c,44 :: 		
0x04D4	0x94A6      	BCF         EECON1, 2 
;__Lib_EEPROM_256.c,46 :: 		
L_end_EEPROM_Write:
0x04D6	0x0012      	RETURN      0
; end of _EEPROM_Write
_Display_LCD:
;projetoFinal2.c,163 :: 		void Display_LCD()
;projetoFinal2.c,166 :: 		Lcd_Out(1,1,"(Hora)");
0x04D8	0x0E01      	MOVLW       1
0x04DA	0x6E39      	MOVWF       FARG_Lcd_Out_row 
0x04DC	0x0E01      	MOVLW       1
0x04DE	0x6E3A      	MOVWF       FARG_Lcd_Out_column 
0x04E0	0x0E18      	MOVLW       ?lstr2_projetoFinal2
0x04E2	0x6E3B      	MOVWF       FARG_Lcd_Out_text 
0x04E4	0x0E00      	MOVLW       hi_addr(?lstr2_projetoFinal2)
0x04E6	0x6E3C      	MOVWF       FARG_Lcd_Out_text+1 
0x04E8	0xDEAB      	RCALL       _Lcd_Out
;projetoFinal2.c,167 :: 		Converte_BCD(1,7,ucHora);
0x04EA	0x0E01      	MOVLW       1
0x04EC	0x6E39      	MOVWF       FARG_Converte_BCD_ucLinha 
0x04EE	0x0E07      	MOVLW       7
0x04F0	0x6E3A      	MOVWF       FARG_Converte_BCD_ucColuna 
0x04F2	0xF03BC030  	MOVFF       _ucHora, FARG_Converte_BCD_ucValor
0x04F6	0xDEE7      	RCALL       _Converte_BCD
;projetoFinal2.c,168 :: 		Lcd_Chr_CP(':');
0x04F8	0x0E3A      	MOVLW       58
0x04FA	0x6E3E      	MOVWF       FARG_Lcd_Chr_CP_out_char 
0x04FC	0xDE8E      	RCALL       _Lcd_Chr_CP
;projetoFinal2.c,169 :: 		Converte_BCD(1,10,ucMinuto);
0x04FE	0x0E01      	MOVLW       1
0x0500	0x6E39      	MOVWF       FARG_Converte_BCD_ucLinha 
0x0502	0x0E0A      	MOVLW       10
0x0504	0x6E3A      	MOVWF       FARG_Converte_BCD_ucColuna 
0x0506	0xF03BC02F  	MOVFF       _ucMinuto, FARG_Converte_BCD_ucValor
0x050A	0xDEDD      	RCALL       _Converte_BCD
;projetoFinal2.c,170 :: 		Lcd_Chr_CP(':');
0x050C	0x0E3A      	MOVLW       58
0x050E	0x6E3E      	MOVWF       FARG_Lcd_Chr_CP_out_char 
0x0510	0xDE84      	RCALL       _Lcd_Chr_CP
;projetoFinal2.c,171 :: 		Converte_BCD(1,13,ucSegundo);
0x0512	0x0E01      	MOVLW       1
0x0514	0x6E39      	MOVWF       FARG_Converte_BCD_ucLinha 
0x0516	0x0E0D      	MOVLW       13
0x0518	0x6E3A      	MOVWF       FARG_Converte_BCD_ucColuna 
0x051A	0xF03BC032  	MOVFF       _ucSegundo, FARG_Converte_BCD_ucValor
0x051E	0xDED3      	RCALL       _Converte_BCD
;projetoFinal2.c,172 :: 		}
L_end_Display_LCD:
0x0520	0x0012      	RETURN      0
; end of _Display_LCD
_Lcd_Init:
;__Lib_Lcd.c,84 :: 		
;__Lib_Lcd.c,86 :: 		
0x0522	0x9296      	BCF         LCD_EN_Direction, BitPos(LCD_EN_Direction+0) 
;__Lib_Lcd.c,87 :: 		
0x0524	0x9496      	BCF         LCD_RS_Direction, BitPos(LCD_RS_Direction+0) 
;__Lib_Lcd.c,88 :: 		
0x0526	0x9895      	BCF         LCD_D4_Direction, BitPos(LCD_D4_Direction+0) 
;__Lib_Lcd.c,89 :: 		
0x0528	0x9A95      	BCF         LCD_D5_Direction, BitPos(LCD_D5_Direction+0) 
;__Lib_Lcd.c,90 :: 		
0x052A	0x9C95      	BCF         LCD_D6_Direction, BitPos(LCD_D6_Direction+0) 
;__Lib_Lcd.c,91 :: 		
0x052C	0x9E95      	BCF         LCD_D7_Direction, BitPos(LCD_D7_Direction+0) 
;__Lib_Lcd.c,93 :: 		
0x052E	0x9284      	BCF         LCD_EN, BitPos(LCD_EN+0) 
;__Lib_Lcd.c,94 :: 		
0x0530	0x9484      	BCF         LCD_RS, BitPos(LCD_RS+0) 
;__Lib_Lcd.c,95 :: 		
0x0532	0x9E83      	BCF         LCD_D7, BitPos(LCD_D7+0) 
;__Lib_Lcd.c,96 :: 		
0x0534	0x9C83      	BCF         LCD_D6, BitPos(LCD_D6+0) 
;__Lib_Lcd.c,97 :: 		
0x0536	0x9A83      	BCF         LCD_D5, BitPos(LCD_D5+0) 
;__Lib_Lcd.c,98 :: 		
0x0538	0x9883      	BCF         LCD_D4, BitPos(LCD_D4+0) 
;__Lib_Lcd.c,100 :: 		
0x053A	0xDDF6      	RCALL       _Delay_5500us
;__Lib_Lcd.c,101 :: 		
0x053C	0xDDF5      	RCALL       _Delay_5500us
;__Lib_Lcd.c,102 :: 		
0x053E	0xDDF4      	RCALL       _Delay_5500us
;__Lib_Lcd.c,105 :: 		
0x0540	0x8A83      	BSF         LCD_D5, BitPos(LCD_D5+0) 
;__Lib_Lcd.c,106 :: 		
0x0542	0x8883      	BSF         LCD_D4, BitPos(LCD_D4+0) 
;__Lib_Lcd.c,107 :: 		
0x0544	0x8284      	BSF         LCD_EN, BitPos(LCD_EN+0) 
;__Lib_Lcd.c,108 :: 		
0x0546	0xDDFB      	RCALL       _Delay_1us
;__Lib_Lcd.c,109 :: 		
0x0548	0x9284      	BCF         LCD_EN, BitPos(LCD_EN+0) 
;__Lib_Lcd.c,110 :: 		
0x054A	0xDDEE      	RCALL       _Delay_5500us
;__Lib_Lcd.c,112 :: 		
0x054C	0x8284      	BSF         LCD_EN, BitPos(LCD_EN+0) 
;__Lib_Lcd.c,113 :: 		
0x054E	0xDDF7      	RCALL       _Delay_1us
;__Lib_Lcd.c,114 :: 		
0x0550	0x9284      	BCF         LCD_EN, BitPos(LCD_EN+0) 
;__Lib_Lcd.c,115 :: 		
0x0552	0xDDEA      	RCALL       _Delay_5500us
;__Lib_Lcd.c,117 :: 		
0x0554	0x8284      	BSF         LCD_EN, BitPos(LCD_EN+0) 
;__Lib_Lcd.c,118 :: 		
0x0556	0xDDF3      	RCALL       _Delay_1us
;__Lib_Lcd.c,119 :: 		
0x0558	0x9284      	BCF         LCD_EN, BitPos(LCD_EN+0) 
;__Lib_Lcd.c,120 :: 		
0x055A	0xDDE6      	RCALL       _Delay_5500us
;__Lib_Lcd.c,123 :: 		
0x055C	0x9883      	BCF         LCD_D4, BitPos(LCD_D4+0) 
;__Lib_Lcd.c,124 :: 		
0x055E	0x8284      	BSF         LCD_EN, BitPos(LCD_EN+0) 
;__Lib_Lcd.c,125 :: 		
0x0560	0xDDEE      	RCALL       _Delay_1us
;__Lib_Lcd.c,126 :: 		
0x0562	0x9284      	BCF         LCD_EN, BitPos(LCD_EN+0) 
;__Lib_Lcd.c,127 :: 		
0x0564	0xDDE1      	RCALL       _Delay_5500us
;__Lib_Lcd.c,130 :: 		
0x0566	0x8284      	BSF         LCD_EN, BitPos(LCD_EN+0) 
;__Lib_Lcd.c,131 :: 		
0x0568	0xDDEA      	RCALL       _Delay_1us
;__Lib_Lcd.c,132 :: 		
0x056A	0x9284      	BCF         LCD_EN, BitPos(LCD_EN+0) 
;__Lib_Lcd.c,134 :: 		
0x056C	0x9A83      	BCF         LCD_D5, BitPos(LCD_D5+0) 
;__Lib_Lcd.c,135 :: 		
0x056E	0x8E83      	BSF         LCD_D7, BitPos(LCD_D7+0) 
;__Lib_Lcd.c,136 :: 		
0x0570	0x8284      	BSF         LCD_EN, BitPos(LCD_EN+0) 
;__Lib_Lcd.c,137 :: 		
0x0572	0xDDE5      	RCALL       _Delay_1us
;__Lib_Lcd.c,138 :: 		
0x0574	0x9284      	BCF         LCD_EN, BitPos(LCD_EN+0) 
;__Lib_Lcd.c,139 :: 		
0x0576	0xDDD8      	RCALL       _Delay_5500us
;__Lib_Lcd.c,142 :: 		
0x0578	0x9E83      	BCF         LCD_D7, BitPos(LCD_D7+0) 
;__Lib_Lcd.c,143 :: 		
0x057A	0x8883      	BSF         LCD_D4, BitPos(LCD_D4+0) 
;__Lib_Lcd.c,144 :: 		
0x057C	0x8284      	BSF         LCD_EN, BitPos(LCD_EN+0) 
;__Lib_Lcd.c,145 :: 		
0x057E	0xDDDF      	RCALL       _Delay_1us
;__Lib_Lcd.c,146 :: 		
0x0580	0x9284      	BCF         LCD_EN, BitPos(LCD_EN+0) 
;__Lib_Lcd.c,148 :: 		
0x0582	0x9883      	BCF         LCD_D4, BitPos(LCD_D4+0) 
;__Lib_Lcd.c,149 :: 		
0x0584	0x8284      	BSF         LCD_EN, BitPos(LCD_EN+0) 
;__Lib_Lcd.c,150 :: 		
0x0586	0xDDDB      	RCALL       _Delay_1us
;__Lib_Lcd.c,151 :: 		
0x0588	0x9284      	BCF         LCD_EN, BitPos(LCD_EN+0) 
;__Lib_Lcd.c,152 :: 		
0x058A	0xDDCE      	RCALL       _Delay_5500us
;__Lib_Lcd.c,155 :: 		
0x058C	0x8284      	BSF         LCD_EN, BitPos(LCD_EN+0) 
;__Lib_Lcd.c,156 :: 		
0x058E	0xDDD7      	RCALL       _Delay_1us
;__Lib_Lcd.c,157 :: 		
0x0590	0x9284      	BCF         LCD_EN, BitPos(LCD_EN+0) 
;__Lib_Lcd.c,159 :: 		
0x0592	0x8883      	BSF         LCD_D4, BitPos(LCD_D4+0) 
;__Lib_Lcd.c,160 :: 		
0x0594	0x8284      	BSF         LCD_EN, BitPos(LCD_EN+0) 
;__Lib_Lcd.c,161 :: 		
0x0596	0xDDD3      	RCALL       _Delay_1us
;__Lib_Lcd.c,162 :: 		
0x0598	0x9284      	BCF         LCD_EN, BitPos(LCD_EN+0) 
;__Lib_Lcd.c,163 :: 		
0x059A	0xDDC6      	RCALL       _Delay_5500us
;__Lib_Lcd.c,166 :: 		
0x059C	0x9883      	BCF         LCD_D4, BitPos(LCD_D4+0) 
;__Lib_Lcd.c,167 :: 		
0x059E	0x8284      	BSF         LCD_EN, BitPos(LCD_EN+0) 
;__Lib_Lcd.c,168 :: 		
0x05A0	0xDDCE      	RCALL       _Delay_1us
;__Lib_Lcd.c,169 :: 		
0x05A2	0x9284      	BCF         LCD_EN, BitPos(LCD_EN+0) 
;__Lib_Lcd.c,171 :: 		
0x05A4	0x8E83      	BSF         LCD_D7, BitPos(LCD_D7+0) 
;__Lib_Lcd.c,172 :: 		
0x05A6	0x8C83      	BSF         LCD_D6, BitPos(LCD_D6+0) 
;__Lib_Lcd.c,173 :: 		
0x05A8	0x8A83      	BSF         LCD_D5, BitPos(LCD_D5+0) 
;__Lib_Lcd.c,174 :: 		
0x05AA	0x8883      	BSF         LCD_D4, BitPos(LCD_D4+0) 
;__Lib_Lcd.c,175 :: 		
0x05AC	0x8284      	BSF         LCD_EN, BitPos(LCD_EN+0) 
;__Lib_Lcd.c,176 :: 		
0x05AE	0xDDC7      	RCALL       _Delay_1us
;__Lib_Lcd.c,177 :: 		
0x05B0	0x9284      	BCF         LCD_EN, BitPos(LCD_EN+0) 
;__Lib_Lcd.c,179 :: 		
0x05B2	0xDDBA      	RCALL       _Delay_5500us
;__Lib_Lcd.c,181 :: 		
0x05B4	0x8031      	BSF         __Lib_Lcd_cmd_status, BitPos(__Lib_Lcd_cmd_status+0) 
;__Lib_Lcd.c,182 :: 		
L_end_Lcd_Init:
0x05B6	0x0012      	RETURN      0
; end of _Lcd_Init
_main:
0x05B8	0xF003EC03  	CALL        1542, 0
;projetoFinal2.c,92 :: 		void main(){
;projetoFinal2.c,94 :: 		TRISC.RC5 = 0;
0x05BC	0x9A94      	BCF         TRISC, 5 
;projetoFinal2.c,95 :: 		PORTC.RC5 = 1;
0x05BE	0x8A82      	BSF         PORTC, 5 
;projetoFinal2.c,96 :: 		ADCON1 = 0x0F;
0x05C0	0x0E0F      	MOVLW       15
0x05C2	0x6EC1      	MOVWF       ADCON1 
;projetoFinal2.c,98 :: 		T0CON.T0CS = 0;
0x05C4	0x9AD5      	BCF         T0CON, 5 
;projetoFinal2.c,99 :: 		T0CON.PSA = 0;
0x05C6	0x96D5      	BCF         T0CON, 3 
;projetoFinal2.c,100 :: 		T0CON.T0PS2 = 1;
0x05C8	0x84D5      	BSF         T0CON, 2 
;projetoFinal2.c,101 :: 		T0CON.T0PS1 = 1;
0x05CA	0x82D5      	BSF         T0CON, 1 
;projetoFinal2.c,102 :: 		T0CON.T0PS0 = 0;
0x05CC	0x90D5      	BCF         T0CON, 0 
;projetoFinal2.c,103 :: 		T0CON.T08BIT = 0;
0x05CE	0x9CD5      	BCF         T0CON, 6 
;projetoFinal2.c,105 :: 		TMR0H = 0xDB;
0x05D0	0x0EDB      	MOVLW       219
0x05D2	0x6ED7      	MOVWF       TMR0H 
;projetoFinal2.c,106 :: 		TMR0L = 0x61;
0x05D4	0x0E61      	MOVLW       97
0x05D6	0x6ED6      	MOVWF       TMR0L 
;projetoFinal2.c,107 :: 		INTCON.TMR0IE = 1;
0x05D8	0x8AF2      	BSF         INTCON, 5 
;projetoFinal2.c,108 :: 		INTCON.TMR0IF = 0;
0x05DA	0x94F2      	BCF         INTCON, 2 
;projetoFinal2.c,109 :: 		T0CON.TMR0ON = 1;
0x05DC	0x8ED5      	BSF         T0CON, 7 
;projetoFinal2.c,110 :: 		INTCON.GIE = 1;
0x05DE	0x8EF2      	BSF         INTCON, 7 
;projetoFinal2.c,111 :: 		INTCON.PEIE = 1;
0x05E0	0x8CF2      	BSF         INTCON, 6 
;projetoFinal2.c,112 :: 		TRISB.RB0=1;
0x05E2	0x8093      	BSF         TRISB, 0 
;projetoFinal2.c,113 :: 		TRISB.RB1=1;
0x05E4	0x8293      	BSF         TRISB, 1 
;projetoFinal2.c,115 :: 		Grava_RTC();
0x05E6	0xDF23      	RCALL       _Grava_RTC
;projetoFinal2.c,117 :: 		while(1)
L_main7:
;projetoFinal2.c,119 :: 		Leitura_RTC();
0x05E8	0xDEF7      	RCALL       _Leitura_RTC
;projetoFinal2.c,121 :: 		}
0x05EA	0xD7FE      	BRA         L_main7
;projetoFinal2.c,123 :: 		}
L_end_main:
0x05EC	0xD7FF      	BRA         $+0
; end of _main
0x0606	0xF017EE10  	LFSR        1, 23
0x060A	0x0E18      	MOVLW       24
0x060C	0x6E00      	MOVWF       R0 
0x060E	0x0E01      	MOVLW       1
0x0610	0x6E01      	MOVWF       R1 
0x0612	0x0EEE      	MOVLW       238
0x0614	0x6EF6      	MOVWF       4086 
0x0616	0x0E05      	MOVLW       5
0x0618	0x6EF7      	MOVWF       TBLPTRH 
0x061A	0x0E00      	MOVLW       0
0x061C	0x6EF8      	MOVWF       TBLPTRU 
0x061E	0xF002EC0F  	CALL        1054, 0
0x0622	0x0012      	RETURN      0
;projetoFinal2.c,0 :: ?ICS_ucContador
0x05EE	0x00 ;?ICS_ucContador+0
; end of ?ICS_ucContador
;projetoFinal2.c,0 :: ?ICS?lstr2_projetoFinal2
0x05EF	0x4828 ;?ICS?lstr2_projetoFinal2+0
0x05F1	0x726F ;?ICS?lstr2_projetoFinal2+2
0x05F3	0x2961 ;?ICS?lstr2_projetoFinal2+4
0x05F5	0x00 ;?ICS?lstr2_projetoFinal2+6
; end of ?ICS?lstr2_projetoFinal2
;projetoFinal2.c,0 :: ?ICS_temp
0x05F6	0x0000 ;?ICS_temp+0
; end of ?ICS_temp
;projetoFinal2.c,0 :: ?ICS?lstr1_projetoFinal2
0x05F8	0x6552 ;?ICS?lstr1_projetoFinal2+0
0x05FA	0x6967 ;?ICS?lstr1_projetoFinal2+2
0x05FC	0x7473 ;?ICS?lstr1_projetoFinal2+4
0x05FE	0x6172 ;?ICS?lstr1_projetoFinal2+6
0x0600	0x646E ;?ICS?lstr1_projetoFinal2+8
0x0602	0x006F ;?ICS?lstr1_projetoFinal2+10
; end of ?ICS?lstr1_projetoFinal2
;projetoFinal2.c,0 :: ?ICS_iLeituraAD
0x0604	0x0000 ;?ICS_iLeituraAD+0
; end of ?ICS_iLeituraAD
Symbol List:
//** Routines locations **
//ADDRESS    SIZE    PROCEDURE
//----------------------------------------------
0x0008     [278]    _interrupt
0x011E      [10]    _Delay_50us
0x0128      [22]    _Delay_5500us
0x013E       [6]    _Delay_1us
0x0144     [124]    _Lcd_Cmd
0x01C0      [90]    _Lcd_Chr
0x021A      [12]    _Lcd_Chr_CP
0x0226      [26]    _I2C1_Is_Idle
0x0240     [122]    _Lcd_Out
0x02BA      [12]    _Delay_22us
0x02C6      [48]    _Converte_BCD
0x02F6      [42]    _I2C1_Rd
0x0320      [60]    _I2C1_Start
0x035C      [22]    _I2C1_Init
0x0372      [34]    _I2C1_Wr
0x0394      [10]    _I2C1_Repeated_Start
0x039E       [4]    _I2C1_Stop
0x03A2      [54]    _ADC_Read
0x03D8      [54]    _Leitura_RTC
0x040E      [16]    _EEPROM_Read
0x041E      [16]    ___CC2DW
0x042E      [64]    _Grava_RTC
0x046E      [54]    _Div_16X16_U
0x04A4      [52]    _EEPROM_Write
0x04D8      [74]    _Display_LCD
0x0522     [150]    _Lcd_Init
0x05B8      [54]    _main
//** Variables locations ** 
//ADDRESS    SIZE    VARIABLE
//----------------------------------------------
0x0000       [1]    SPI1_Write_tmp_L0
0x0000       [1]    UART1_Init_tmp_L0
0x0000       [1]    __Lib_SoftI2C_PutZerosToLATScl_temp_scl_L0
0x0000       [1]    __Lib_SoftI2C_PutZerosToLATSda_temp_sda_L0
0x0000       [1]    EEPROM_Write_SaveINTCON_L0
0x0000       [1]    FLASH_Erase_64_SaveINTCON_L0
0x0000       [1]    R0
0x0001       [1]    UART1_Read___tmp_UART1_Read_L0
0x0001       [1]    __Lib_TFT_16bit_JPEG_FileReadBytes_Result_L0
0x0001       [2]    FLASH_Read_N_Bytes_i_L0
0x0001       [1]    FLASH_Write_32_i_L0
0x0001       [1]    __Lib_TFT_16bit_JPEG_FileRead_i_L0
0x0001       [1]    FLASH_Erase_Write_64_i_L0
0x0001       [1]    R1
0x0001       [1]    __Lib_TFT_JPEG_FileRead_i_L0
0x0001       [1]    __Lib_TFT_JPEG_FileReadBytes_Result_L0
0x0001       [1]    I2C1_Rd_tmp_L0
0x0001       [1]    ispunct_rslt_L0
0x0001       [1]    __Lib_PS2_Wait_Falling_nsample_L0
0x0002       [2]    strlen_cp_L0
0x0002       [2]    memchr_s_L0
0x0002       [2]    memcpy_dd_L0
0x0002       [2]    memset_pp_L0
0x0002       [1]    R2
0x0002       [1]    FLASH_Erase_Write_64_j_L0
0x0002       [1]    FLASH_Write_32_SaveINTCON_L0
0x0003       [2]    __Lib_MmcFat16_f16_toInt_l_L0
0x0003       [1]    R3
0x0003       [1]    __Lib_Sprinti_?FLOC____Lib_Sprinti_Do_FillT29
0x0003       [1]    FLASH_Erase_Write_64_SaveINTCON_L0
0x0003       [1]    MM_Init_i_L0
0x0003       [2]    MM_TotalFreeMemSize_Tot_L0
0x0003       [2]    Ltrim_original_L0
0x0003       [2]    memmove_tt_L0
0x0004       [2]    strncpy_cp_L0
0x0004       [2]    strncat_cp_L0
0x0004       [2]    frexp_pom_L0
0x0004       [1]    __Lib_Sprinti_?FLOC____Lib_Sprinti_Do_FillT40
0x0004       [2]    __Lib_MemManager_MM_GetMemAlign_P_L0
0x0004       [2]    strcpy_cp_L0
0x0004       [2]    memcpy_ss_L0
0x0004       [1]    R4
0x0004       [2]    strcat_cp_L0
0x0005       [2]    Ltrim_p_L0
0x0005       [1]    R5
0x0005       [1]    __Lib_Sprinti_?FLOC____Lib_Sprinti_Do_FillT54
0x0005       [2]    LongIntToHex_input_half_L0
0x0005       [2]    memmove_ff_L0
0x0005       [1]    MM_TotalFreeMemSize_i_L0
0x0005       [2]    LongWordToHex_input_half_L0
0x0006       [1]    R6
0x0006       [1]    __Lib_Sprinti_?FLOC____Lib_Sprinti_Do_FillT69
0x0006       [1]    __Lib_MemManager_MM_GetMemAlign_i_L0
0x0007       [1]    __Lib_TFT_16bit_JPEG_GenerateHuffmanTables_bLength_L0
0x0007       [1]    R7
0x0007       [1]    __Lib_TFT_JPEG_GenerateHuffmanTables_bLength_L0
0x0008       [1]    __Lib_TFT_16bit_JPEG_GenerateHuffmanTables_bTable_L0
0x0008       [1]    __Lib_TFT_JPEG_GenerateHuffmanTables_bTable_L0
0x0008       [1]    R8
0x0009       [1]    R9
0x0009       [4]    __Lib_MmcFat16_f16_toLong_l_L0
0x000A       [1]    R10
0x000B       [1]    R11
0x000C       [1]    R12
0x000D       [1]    R13
0x000E       [1]    R14
0x000F       [1]    R15
0x0010       [1]    R16
0x0011       [1]    R17
0x0012       [1]    R18
0x0013       [1]    R19
0x0014       [1]    R20
0x0017       [1]    _ucContador
0x0018       [7]    ?lstr2_projetoFinal2
0x001F       [2]    _temp
0x0021      [12]    ?lstr1_projetoFinal2
0x002D       [2]    _iLeituraAD
0x002F       [1]    _ucMinuto
0x0030       [1]    _ucHora
0x0031       [0]    __Lib_Lcd_cmd_status
0x0032       [1]    _ucSegundo
0x0033       [4]    FARG_I2C1_Init_clock
0x0033       [1]    FARG_I2C1_Rd_ack
0x0033       [2]    I2C1_Start_j_L0
0x0033       [1]    FARG_I2C1_Wr_data_
0x0037       [1]    FARG_EEPROM_Read_address
0x0037       [1]    FARG_EEPROM_Write_address
0x0037       [1]    FARG_ADC_Read_channel
0x0038       [1]    FARG_EEPROM_Write_data_
0x0039       [1]    FARG_Converte_BCD_ucLinha
0x0039       [1]    FARG_Lcd_Out_row
0x003A       [1]    FARG_Converte_BCD_ucColuna
0x003A       [1]    FARG_Lcd_Out_column
0x003B       [1]    FARG_Converte_BCD_ucValor
0x003B       [2]    FARG_Lcd_Out_text
0x003D       [1]    Lcd_Out_i_L0
0x003E       [1]    FARG_Lcd_Chr_CP_out_char
0x003E       [1]    FARG_Lcd_Chr_row
0x003F       [1]    FARG_Lcd_Chr_column
0x0040       [1]    FARG_Lcd_Chr_out_char
0x0041       [1]    FARG_Lcd_Cmd_out_char
0x0F82       [1]    PORTC
0x0F83       [0]    LCD_D7
0x0F83       [0]    LCD_D6
0x0F83       [0]    LCD_D5
0x0F83       [0]    RD7_bit
0x0F83       [0]    RD6_bit
0x0F83       [0]    RD5_bit
0x0F83       [0]    RD4_bit
0x0F83       [0]    LCD_D4
0x0F84       [0]    LCD_RS
0x0F84       [0]    LCD_EN
0x0F84       [0]    RE1_bit
0x0F84       [0]    RE2_bit
0x0F8B       [0]    LATC4_bit
0x0F8B       [0]    LATC3_bit
0x0F93       [1]    TRISB
0x0F94       [0]    TRISC3_bit
0x0F94       [0]    TRISC4_bit
0x0F94       [1]    TRISC
0x0F95       [0]    LCD_D6_Direction
0x0F95       [0]    LCD_D5_Direction
0x0F95       [0]    LCD_D7_Direction
0x0F95       [0]    TRISD7_bit
0x0F95       [0]    LCD_D4_Direction
0x0F95       [0]    TRISD6_bit
0x0F95       [0]    TRISD4_bit
0x0F95       [0]    TRISD5_bit
0x0F96       [0]    LCD_RS_Direction
0x0F96       [0]    LCD_EN_Direction
0x0F96       [0]    TRISE1_bit
0x0F96       [0]    TRISE2_bit
0x0F9E       [1]    PIR1
0x0FA6       [1]    EECON1
0x0FA7       [1]    EECON2
0x0FA8       [1]    EEDATA
0x0FA9       [1]    EEADR
0x0FC0       [1]    ADCON2
0x0FC1       [1]    ADCON1
0x0FC2       [1]    ADCON0
0x0FC3       [1]    ADRESL
0x0FC4       [1]    ADRESH
0x0FC5       [1]    SSPCON2
0x0FC6       [1]    SSPCON1
0x0FC7       [1]    SSPSTAT
0x0FC8       [1]    SSPADD
0x0FC9       [1]    SSPBUF
0x0FD5       [1]    T0CON
0x0FD6       [1]    TMR0L
0x0FD7       [1]    TMR0H
0x0FD8       [1]    STATUS
0x0FD9       [1]    FSR2L
0x0FDA       [1]    FSR2H
0x0FDE       [1]    POSTINC2
0x0FE0       [1]    BSR
0x0FE1       [1]    FSR1L
0x0FE2       [1]    FSR1H
0x0FE4       [1]    PREINC1
0x0FE6       [1]    POSTINC1
0x0FE7       [1]    INDF1
0x0FE8       [1]    WREG
0x0FE9       [1]    FSR0L
0x0FEA       [1]    FSR0H
0x0FEE       [1]    POSTINC0
0x0FF2       [1]    INTCON
0x0FF3       [1]    PRODL
0x0FF4       [1]    PRODH
0x0FF5       [1]    TABLAT
0x0FF6       [1]    TBLPTRL
0x0FF7       [1]    TBLPTRH
0x0FF8       [1]    TBLPTRU
//** Constants locations ** 
//ADDRESS    SIZE    CONSTANT
//----------------------------------------------
0x05EE       [1]    ?ICS_ucContador
0x05EF       [7]    ?ICS?lstr2_projetoFinal2
0x05F6       [2]    ?ICS_temp
0x05F8      [12]    ?ICS?lstr1_projetoFinal2
0x0604       [2]    ?ICS_iLeituraAD
